2026-04-21 05:01:32,267 - INFO - ============================================================
2026-04-21 05:01:32,267 - INFO - 🚀 네이버 지도 통합 크롤러 (안전 중단 기능 보완)
2026-04-21 05:01:32,267 - INFO - ============================================================
2026-04-21 05:01:32,269 - INFO - 📋 총 10개 검색어 로드 완료: ['제주시 애월읍 맛집', '제주시 한림읍 맛집', '제주시 삼양동 맛집', '제주시 성산읍 맛집', '서귀포시 한경면 맛집', '서귀포시 동홍동 맛집', '서귀포시 서홍동 맛집', '제주시 연동 맛집', '제주시 일도일동 맛집', '제주시 이도이동 맛집']
2026-04-21 05:01:32,269 - INFO - 🚀 ChromeDriver 초기화 중...
2026-04-21 05:03:25,086 - INFO - ============================================================
2026-04-21 05:03:25,086 - INFO - 🚀 네이버 지도 통합 크롤러 (안전 중단 기능 보완)
2026-04-21 05:03:25,086 - INFO - ============================================================
2026-04-21 05:03:25,088 - INFO - 📋 총 10개 검색어 로드 완료: ['제주시 애월읍 맛집', '제주시 한림읍 맛집', '제주시 삼양동 맛집', '제주시 성산읍 맛집', '서귀포시 한경면 맛집', '서귀포시 동홍동 맛집', '서귀포시 서홍동 맛집', '제주시 연동 맛집', '제주시 일도일동 맛집', '제주시 이도이동 맛집']
2026-04-21 05:03:25,088 - INFO - 🚀 ChromeDriver 초기화 중...
2026-04-21 05:04:24,599 - INFO - 🪧 '제주시 애월읍 맛집' 1페이지: 70개 항목 발견
2026-04-21 05:04:42,337 - INFO -   ✓ 1: 작산 애월흑돼지 📷
2026-04-21 05:05:00,329 - INFO -   ✓ 2: 제주스시호타루 📷
2026-04-21 05:05:18,360 - INFO -   ✓ 3: 해지개 📷📝
2026-04-21 05:05:37,661 - INFO -   ✓ 4: 미포집 제주 애월점 📷
2026-04-21 05:05:56,170 - INFO -   ✓ 5: 이춘옥원조고등어쌈밥 제주애월본점 📷📝
2026-04-21 05:06:13,540 - INFO -   ✓ 6: 애월은혜전복 제주애월본점 
2026-04-21 05:06:31,410 - INFO -   ✓ 7: 브롱스 브루잉 컴퍼니 제주곽지해수욕장점 📷
2026-04-21 05:06:48,978 - INFO -   ✓ 8: 단소 제주 애월본점 📷
2026-04-21 05:07:07,063 - INFO -   ✓ 9: 제주광해 애월 📷
2026-04-21 05:07:25,152 - INFO -   ✓ 10: 문개어멍 📷📝
2026-04-21 05:07:42,862 - INFO -   ✓ 11: 노라바 📷📝
2026-04-21 05:08:00,429 - INFO -   ✓ 12: 우영담 📷
2026-04-21 05:08:19,203 - INFO -   ✓ 13: 제주당 📷
2026-04-21 05:08:37,354 - INFO -   ✓ 14: 크라운돼지 제주점 📷
2026-04-21 05:08:54,962 - INFO -   ✓ 15: 훈도 애월흑돼지 본점 📷📝
2026-04-21 05:09:12,016 - INFO -   ✓ 16: 갈치관 제주애월본점 
2026-04-21 05:09:30,582 - INFO -   ✓ 17: 로우하이 애월점 📷
2026-04-21 05:09:49,367 - INFO -   ✓ 18: 라망드제주 📷
2026-04-21 05:10:07,571 - INFO -   ✓ 19: 이디 고기국수 애월본점 📷
2026-04-21 05:10:26,093 - INFO -   ✓ 20: 트라이브 📷
2026-04-21 05:10:44,048 - INFO -   ✓ 21: 만월숯불구이 애월본점 
2026-04-21 05:11:02,386 - INFO -   ✓ 22: 애월 우니담 📷
2026-04-21 05:11:21,209 - INFO -   ✓ 23: 레이지펌프 📷
2026-04-21 05:11:39,266 - INFO -   ✓ 24: 숙성도 애월점 
2026-04-21 05:11:57,691 - INFO -   ✓ 25: 하귀 보배쌤보리김치와게장 📷
2026-04-21 05:12:15,630 - INFO -   ✓ 26: 슬로보트 
2026-04-21 05:12:33,244 - INFO -   ✓ 27: 애월더선셋 📷
2026-04-21 05:12:51,210 - INFO -   ✓ 28: 갈치바다 제주 애월점 📷📝
2026-04-21 05:13:08,498 - INFO -   ✓ 29: 언덕집국수 
2026-04-21 05:13:26,944 - INFO -   ✓ 30: 팀블로우 📷
2026-04-21 05:13:44,992 - INFO -   ✓ 31: 피즈 애월 📷
2026-04-21 05:14:03,286 - INFO -   ✓ 32: 애월아시시 📷
2026-04-21 05:14:22,256 - INFO -   ✓ 33: 비틀스타코 제주 애월점 📷
2026-04-21 05:14:40,032 - INFO -   ✓ 34: 애월 갈치 암행어사 📷📝
2026-04-21 05:14:58,236 - INFO -   ✓ 35: 청수당 애월 📷
2026-04-21 05:15:16,513 - INFO -   ✓ 36: 하루필름 애월점 📷
2026-04-21 05:15:35,855 - INFO -   ✓ 37: 애월회포장센터 애월밤바다 
2026-04-21 05:15:53,746 - INFO -   ✓ 38: 애월미향해장국 
2026-04-21 05:16:12,228 - INFO -   ✓ 39: 누리프렌즈카페인제주 📷
2026-04-21 05:16:31,229 - INFO -   ✓ 40: 애월 온기 📷
2026-04-21 05:16:49,714 - INFO -   ✓ 41: 마초스테이크 제주직영점 📷
2026-04-21 05:17:08,263 - INFO -   ✓ 42: 크랩잭 애월한담해변 📷
2026-04-21 05:17:25,708 - INFO -   ✓ 43: 이끼숲소길 📷📝
2026-04-21 05:17:42,950 - INFO -   ✓ 44: 버거킹 제주애월DT점 
2026-04-21 05:18:02,436 - INFO -   ✓ 45: 콜린 제주점 📷
2026-04-21 05:18:21,680 - INFO -   ✓ 46: 오아시스80 📷
2026-04-21 05:18:39,384 - INFO -   ✓ 47: 돝밭 애월흑돼지 📷
2026-04-21 05:18:56,723 - INFO -   ✓ 48: 한담국수 곽지애월점 📝
2026-04-21 05:19:14,591 - INFO -   ✓ 49: 당당 📷
2026-04-21 05:19:33,329 - INFO -   ✓ 50: 제레미 
2026-04-21 05:19:53,421 - INFO -   ✓ 51: 능소비빔국수 제주점 
2026-04-21 05:20:11,184 - INFO -   ✓ 52: 봄날 📷📝
2026-04-21 05:20:29,230 - INFO -   ✓ 53: 몽탄 애월 📷
2026-04-21 05:20:48,825 - INFO -   ✓ 54: 애월흑돼지 대담 
2026-04-21 05:21:07,048 - INFO -   ✓ 55: 도톰 애월점 📷📝
2026-04-21 05:21:25,254 - INFO -   ✓ 56: 제주시애월읍916 📷
2026-04-21 05:21:43,323 - INFO -   ✓ 57: 해지개더블랙 📷
2026-04-21 05:22:00,936 - INFO -   ✓ 58: 고도칸 애월흑돼지 
2026-04-21 05:22:19,356 - INFO -   ✓ 59: 해녀뜰 📷
2026-04-21 05:22:37,421 - INFO -   ✓ 60: 노을리 📷📝
2026-04-21 05:22:57,004 - INFO -   ✓ 61: 뚱딴지 애월흑돼지 본점 
2026-04-21 05:23:15,344 - INFO -   ✓ 62: 새물 📷
2026-04-21 05:23:34,339 - INFO -   ✓ 63: 스타벅스 제주한담해변DT점 📷
2026-04-21 05:23:51,706 - INFO -   ✓ 64: 더애월 본점 📷
2026-04-21 05:24:09,736 - INFO -   ✓ 65: 랜디스도넛 애월점 📷
2026-04-21 05:24:28,257 - INFO -   ✓ 66: 제주할망밥상 애월점 📷📝
2026-04-21 05:24:46,376 - INFO -   ✓ 67: 호커센터 📷📝
2026-04-21 05:25:04,194 - INFO -   ✓ 68: 산지물고유 📷
2026-04-21 05:25:25,039 - INFO -   ✓ 69: 에이바우트커피뷰 하귀포구점 
2026-04-21 05:25:43,417 - INFO -   ✓ 70: 갈치깡패 애월점 
2026-04-21 05:25:43,431 - INFO - 📁 파일 제주시 애월읍 맛집.csv 생성 및 저장 완료 (70건)
2026-04-21 05:25:43,950 - INFO - ☁️ GitHub 자동 푸시 완료: 1페이지 데이터 박제 성공!
2026-04-21 05:25:43,950 - INFO - 🧹 메모리 최적화: 1페이지 완료. 브라우저를 선제적으로 재시작합니다.
2026-04-21 05:25:52,253 - INFO - 🚀 ChromeDriver 초기화 중...
2026-04-21 05:26:54,733 - INFO - 🪧 '제주시 애월읍 맛집' 2페이지: 70개 항목 발견
2026-04-21 05:27:13,494 - INFO -   ✓ 1: 애월항포구횟집 본점 📷
2026-04-21 05:27:31,383 - INFO -   ✓ 2: 바다속고등어쌈밥 제주애월본점 📷
2026-04-21 05:27:50,371 - INFO -   ✓ 3: 마틸다 📷
2026-04-21 05:28:08,558 - INFO -   ✓ 4: 동경밥상 📷
2026-04-21 05:28:25,958 - INFO -   ✓ 5: 썬셋클리프 📷
2026-04-21 05:28:44,432 - INFO -   ✓ 6: 제주 정직한돈 애월본점 📷
2026-04-21 05:29:01,933 - INFO -   ✓ 7: 문동일고사리육개장 
2026-04-21 05:29:19,306 - INFO -   ✓ 8: 해녀의집 
2026-04-21 05:29:37,017 - INFO -   ✓ 9: 애월맛차 📷
2026-04-21 05:29:55,481 - INFO -   ✓ 10: 숨비다 📷
2026-04-21 05:30:13,824 - INFO -   ✓ 11: 애월 고불락 📷📝
2026-04-21 05:30:30,959 - INFO -   ✓ 12: 제주달 애월해안도로본점 📷
2026-04-21 05:30:49,290 - INFO -   ✓ 13: 란스 키친 📷
2026-04-21 05:31:07,966 - INFO -   ✓ 14: 곽지해녀의집 
2026-04-21 05:31:27,041 - INFO -   ✓ 15: 고기왕 하귀애월점 📷
2026-04-21 05:31:44,794 - INFO -   ✓ 16: 마마롱 📷
2026-04-21 05:32:04,249 - INFO -   ✓ 17: 스시바미미 애월본점 📷
2026-04-21 05:32:22,683 - INFO -   ✓ 18: 로맨틱새우 곽지해수욕장애월점 📷📝
2026-04-21 05:32:40,974 - INFO -   ✓ 19: 토토네 📷
2026-04-21 05:32:58,685 - INFO -   ✓ 20: 제주해도미락 애월 📷📝
2026-04-21 05:33:15,834 - INFO -   ✓ 21: 고이정 애월흑돼지 보리짚불구이 
2026-04-21 05:33:34,254 - INFO -   ✓ 22: 마시레치킨 
2026-04-21 05:33:52,945 - INFO -   ✓ 23: 올댓커피 제주 📷
2026-04-21 05:34:11,349 - INFO -   ✓ 24: BHC치킨 애월점 
2026-04-21 05:34:30,826 - INFO -   ✓ 25: 까미노 📷
2026-04-21 05:34:49,687 - INFO -   ✓ 26: 놀맨 
2026-04-21 05:35:06,964 - INFO -   ✓ 27: 제주검정보리마씸 📷
2026-04-21 05:35:25,695 - INFO -   ✓ 28: 일품순두부 애월점 
2026-04-21 05:35:42,866 - INFO -   ✓ 29: 마일스 📷
2026-04-21 05:36:01,007 - INFO -   ✓ 30: 엄지흑돼지 
2026-04-21 05:36:18,775 - INFO -   ✓ 31: 장인의집[본점] 📷📝
2026-04-21 05:36:36,295 - INFO -   ✓ 32: 제주한라산분식 
2026-04-21 05:36:54,101 - INFO -   ✓ 33: 에버그린 돈까스 
2026-04-21 05:37:11,837 - INFO -   ✓ 34: 해변횟집 📷
2026-04-21 05:37:29,125 - INFO -   ✓ 35: 스타벅스 제주애월DT점 📷
2026-04-21 05:37:46,460 - INFO -   ✓ 36: 언니식탁 📷📝
2026-04-21 05:38:05,373 - INFO -   ✓ 37: 인디언키친 애월본점 📷📝
2026-04-21 05:38:22,921 - INFO -   ✓ 38: 돌염전소금커피 📷
2026-04-21 05:38:42,024 - INFO -   ✓ 39: 애월 왕서방 
2026-04-21 05:38:59,166 - INFO -   ✓ 40: 커피냅로스터스 제주 📷
2026-04-21 05:39:18,060 - INFO -   ✓ 41: 호탕 📷
2026-04-21 05:39:37,241 - INFO -   ✓ 42: 명자 📷
2026-04-21 05:39:55,042 - INFO -   ✓ 43: 하이엔드제주 📷
2026-04-21 05:40:13,072 - INFO -   ✓ 44: 카페 어림비 📷
2026-04-21 05:40:30,970 - INFO -   ✓ 45: 잇칸시타 📷
2026-04-21 05:40:48,656 - INFO -   ✓ 46: 평균이하 📷
2026-04-21 05:41:10,258 - INFO -   ✓ 47: 애월 삼육공본점 숙성흑돼지 📷
2026-04-21 05:41:29,086 - INFO -   ✓ 48: 마니주 📷
2026-04-21 05:41:46,612 - INFO -   ✓ 49: 애월후식 📷
2026-04-21 05:42:05,290 - INFO -   ✓ 50: 제주 애월역 📷
2026-04-21 05:42:24,085 - INFO -   ✓ 51: 애월짬뽕 
2026-04-21 05:42:41,898 - INFO -   ✓ 52: 금돈가 제주 애월해안도로 본점 
2026-04-21 05:42:59,214 - INFO -   ✓ 53: 스시 마타네 📷
2026-04-21 05:43:18,335 - INFO -   ✓ 54: 네꼬야 티하우스 애월하귀점 📷
2026-04-21 05:43:36,804 - INFO -   ✓ 55: 애월 인디고인디드 카페 📷
2026-04-21 05:43:55,030 - INFO -   ✓ 56: 장군집 
2026-04-21 05:44:13,295 - INFO -   ✓ 57: 젤코바 베이커리카페 📷
2026-04-21 05:44:31,861 - INFO -   ✓ 58: 애월그때그집 제주도 본점 
2026-04-21 05:44:49,605 - INFO -   ✓ 59: 할리스 제주애월천덕로점 📷
2026-04-21 05:45:07,390 - INFO -   ✓ 60: 육월 애월흑돼지 본점 
2026-04-21 05:45:28,070 - INFO -   ✓ 61: 꿈낭밥집 
2026-04-21 05:45:45,084 - INFO -   ✓ 62: 고우니, 제주를 담다 
2026-04-21 05:46:03,208 - INFO -   ✓ 63: 새빌 카페 📷
2026-04-21 05:46:21,876 - INFO -   ✓ 64: 임순이네밥집 
2026-04-21 05:46:39,441 - INFO -   ✓ 65: 카페멜록 📷
2026-04-21 05:46:57,156 - INFO -   ✓ 66: 애월 막국수 📷
2026-04-21 05:47:16,353 - INFO -   ✓ 67: 아베끄 📷
2026-04-21 05:47:34,354 - INFO -   ✓ 68: 큐티파이 📷
2026-04-21 05:47:51,473 - INFO -   ✓ 69: 청초수물회 제주점 📷
2026-04-21 05:48:10,495 - INFO -   ✓ 70: 약선명가 애월하귀본점 📝
2026-04-21 05:48:10,505 - INFO - 📁 파일 제주시 애월읍 맛집.csv에 데이터 추가 완료 (70건)
2026-04-21 05:48:11,235 - INFO - ☁️ GitHub 자동 푸시 완료: 2페이지 데이터 박제 성공!
2026-04-21 05:48:11,235 - INFO - 🧹 메모리 최적화: 2페이지 완료. 브라우저를 선제적으로 재시작합니다.
2026-04-21 05:48:19,554 - INFO - 🚀 ChromeDriver 초기화 중...
2026-04-21 05:49:27,803 - INFO - 🪧 '제주시 애월읍 맛집' 3페이지: 70개 항목 발견
2026-04-21 05:49:47,580 - INFO -   ✓ 1: 시소 카이막 애월점 📷
2026-04-21 05:50:05,495 - INFO -   ✓ 2: 애월리에 📷📝
2026-04-21 05:50:23,665 - INFO -   ✓ 3: 해오반 📷
2026-04-21 05:50:41,685 - INFO -   ✓ 4: 커피빈 제주애월DT점 📷📝
2026-04-21 05:50:59,886 - INFO -   ✓ 5: 이순신김밥 📷
2026-04-21 05:51:17,540 - INFO -   ✓ 6: 돈몽 애월흑돼지 본점 📷
2026-04-21 05:51:35,689 - INFO -   ✓ 7: 소길역 📷
2026-04-21 05:51:54,398 - INFO -   ✓ 8: 애월찜 📷📝
2026-04-21 05:52:12,949 - INFO -   ✓ 9: 꽃밥 
2026-04-21 05:52:30,699 - INFO -   ✓ 10: 폭폭 📷
2026-04-21 05:52:48,927 - INFO -   ✓ 11: 애월어촌계회센타 
2026-04-21 05:53:07,222 - INFO -   ✓ 12: 그래인스쿠키 애월점 📷📝
2026-04-21 05:53:25,333 - INFO -   ✓ 13: 하영칼국수 애월본점 
2026-04-21 05:53:43,562 - INFO -   ✓ 14: 서현해장국 
2026-04-21 05:54:02,051 - INFO -   ✓ 15: 망고레이 애월직영점 📷📝
2026-04-21 05:54:20,544 - INFO -   ✓ 16: 리부아르 📷
2026-04-21 05:54:39,080 - INFO -   ✓ 17: 리엘루 
2026-04-21 05:54:57,638 - INFO -   ✓ 18: 애월연어 본점 📷
2026-04-21 05:55:15,650 - INFO -   ✓ 19: 애월오누이 제주 📷
2026-04-21 05:55:33,128 - INFO -   ✓ 20: 염전의봄애월점 
2026-04-21 05:55:51,425 - INFO -   ✓ 21: 사계바다 통갈치조림구이 제주애월해안도로점 
2026-04-21 05:56:09,300 - INFO -   ✓ 22: 노포돼지 애월 📝
2026-04-21 05:56:27,162 - INFO -   ✓ 23: 씨싸이드 제주 📷
2026-04-21 05:56:44,115 - INFO -   ✓ 24: 구이사이 📷
2026-04-21 05:57:02,051 - INFO -   ✓ 25: 조각가 해물라면 바다보는날 애월해안도로점 📷
2026-04-21 05:57:20,185 - INFO -   ✓ 26: 애월카페 아벨롭 
2026-04-21 05:57:38,530 - INFO -   ✓ 27: 연돈가 
2026-04-21 05:57:56,416 - INFO -   ✓ 28: 오롬마르 📷
2026-04-21 05:58:14,426 - INFO -   ✓ 29: 항몽로 김가네 
2026-04-21 05:58:32,554 - INFO -   ✓ 30: 애월 남도한상 
2026-04-21 05:58:50,649 - INFO -   ✓ 31: 아망딘테이블 📷
2026-04-21 05:59:08,611 - INFO -   ✓ 32: 보말이네 📷
2026-04-21 05:59:25,848 - INFO -   ✓ 33: 본보이즈 애월 📷
2026-04-21 05:59:44,395 - INFO -   ✓ 34: 카페 연 📷
2026-04-21 06:00:01,655 - INFO -   ✓ 35: 청춘해장국 
2026-04-21 06:00:19,829 - INFO -   ✓ 36: 스시애월 📷
2026-04-21 06:00:38,744 - INFO -   ✓ 37: 카페동경앤책방 📷📝
2026-04-21 06:00:56,963 - INFO -   ✓ 38: 제주나기 애월본점 📷📝
2026-04-21 06:01:15,155 - INFO -   ✓ 39: 더바당 카페 📷📝
2026-04-21 06:01:34,375 - INFO -   ✓ 40: 이치니치 📷
2026-04-21 06:01:52,733 - INFO -   ✓ 41: 브런치오 📷
2026-04-21 06:02:11,584 - INFO -   ✓ 42: 애월흑돼지가노는집 📷
2026-04-21 06:02:29,903 - INFO -   ✓ 43: 블루그라스 📷
2026-04-21 06:02:49,308 - INFO -   ✓ 44: 제주갈치 한담 📷
2026-04-21 06:03:07,335 - INFO -   ✓ 45: 파리바게뜨 제주하귀점 
2026-04-21 06:03:26,333 - INFO -   ✓ 46: 정도 애월흑돼지 본점 📷
2026-04-21 06:03:43,962 - INFO -   ✓ 47: 해성도뚜리 애월흑돼지 
2026-04-21 06:04:02,555 - INFO -   ✓ 48: 제주돈아 애월해안도로본점 
2026-04-21 06:04:20,920 - INFO -   ✓ 49: 플라잉애월 
2026-04-21 06:04:39,818 - INFO -   ✓ 50: 화랑스시 애월본점 📝
2026-04-21 06:04:58,910 - INFO -   ✓ 51: 할리스 제주곽지해수욕장점 
2026-04-21 06:05:16,498 - INFO -   ✓ 52: 시공간 제주혼술바 📷
2026-04-21 06:05:34,721 - INFO -   ✓ 53: 브리나케오슈 📷
2026-04-21 06:05:52,261 - INFO -   ✓ 54: 바담깨비 애월회관 📷
2026-04-21 06:06:10,143 - INFO -   ✓ 55: 홀츠 애월 📷
2026-04-21 06:06:27,077 - INFO -   ✓ 56: 제주갈매기 📷
2026-04-21 06:06:45,119 - INFO -   ✓ 57: 제주의아침베이커리 하가점 
2026-04-21 06:07:03,848 - INFO -   ✓ 58: 회가서쪽에서뜨겠네 애월본점 
2026-04-21 06:07:22,222 - INFO -   ✓ 59: 이송옥 📷
2026-04-21 06:07:40,087 - INFO -   ✓ 60: 일품순두부 하귀점 📷
2026-04-21 06:07:58,504 - INFO -   ✓ 61: 인디안 썸머 애월 📷
2026-04-21 06:08:16,753 - INFO -   ✓ 62: 애월해송횟집 📷
2026-04-21 06:08:34,994 - INFO -   ✓ 63: 형제돈 애월흑돼지 📷
2026-04-21 06:08:53,316 - INFO -   ✓ 64: 참솔식당 
2026-04-21 06:09:13,824 - INFO -   ✓ 65: 목커리 칼국수 
2026-04-21 06:09:31,892 - INFO -   ✓ 66: 심바카레 
2026-04-21 06:09:49,520 - INFO -   ✓ 67: 제주관광뷔페 
2026-04-21 06:10:08,041 - INFO -   ✓ 68: 베르골드 📷
2026-04-21 06:10:27,249 - INFO -   ✓ 69: 배스킨라빈스 제주하귀점 📷📝
2026-04-21 06:10:45,443 - INFO -   ✓ 70: 애월흑돼지 백번가든 
2026-04-21 06:10:45,446 - INFO - 📁 파일 제주시 애월읍 맛집.csv에 데이터 추가 완료 (70건)
2026-04-21 06:10:46,476 - INFO - ☁️ GitHub 자동 푸시 완료: 3페이지 데이터 박제 성공!
2026-04-21 06:10:46,476 - INFO - 🧹 메모리 최적화: 3페이지 완료. 브라우저를 선제적으로 재시작합니다.
2026-04-21 06:10:54,835 - INFO - 🚀 ChromeDriver 초기화 중...
2026-04-21 06:12:08,479 - INFO - 🪧 '제주시 애월읍 맛집' 4페이지: 70개 항목 발견
2026-04-21 06:12:27,776 - INFO -   ✓ 1: 어랑어랑생선구이&칼국수 제주애월해안도로점 
2026-04-21 06:12:45,144 - INFO -   ✓ 2: 투썸플레이스 제주애월하귀점 
2026-04-21 06:13:02,291 - INFO -   ✓ 3: 테라도스 📷
2026-04-21 06:13:21,008 - INFO -   ✓ 4: 난달카페 📷
2026-04-21 06:13:38,602 - INFO -   ✓ 5: 카이로스 
2026-04-21 06:13:55,844 - INFO -   ✓ 6: 닻 📷
2026-04-21 06:14:13,409 - INFO -   ✓ 7: 제주기와 📷
2026-04-21 06:14:31,255 - INFO -   ✓ 8: 제주애월해물한상 
2026-04-21 06:14:49,826 - INFO -   ✓ 9: 우아한상 제주애월본점 
2026-04-21 06:15:08,251 - INFO -   ✓ 10: 망고홀릭 애월해안도로점 
2026-04-21 06:15:25,885 - INFO -   ✓ 11: 한끼국밥 하귀외도점 📷📝
2026-04-21 06:15:43,127 - INFO -   ✓ 12: 도치돌가든 
2026-04-21 06:16:00,579 - INFO -   ✓ 13: 제주와함께라면 
2026-04-21 06:16:19,001 - INFO -   ✓ 14: 스나쿠타카바다 📷
2026-04-21 06:16:37,417 - INFO -   ✓ 15: 고효 📷
2026-04-21 06:16:55,641 - INFO -   ✓ 16: 버거리 수제버거 제주애월곽지 본점 📷
2026-04-21 06:17:13,454 - INFO -   ✓ 17: 웃뜨리 📷
2026-04-21 06:17:30,860 - INFO -   ✓ 18: 한우천국 제주점 
2026-04-21 06:17:49,205 - INFO -   ✓ 19: 지구상회 제주애월본점 
2026-04-21 06:18:07,798 - INFO -   ✓ 20: 버터모닝 📷
2026-04-21 06:18:25,143 - INFO -   ✓ 21: 몽상드애월 
2026-04-21 06:18:43,071 - INFO -   ✓ 22: 남또리횟집 
2026-04-21 06:18:59,943 - INFO -   ✓ 23: 옛날아우내순대 
2026-04-21 06:19:17,965 - INFO -   ✓ 24: 마레벤또 📷📝
2026-04-21 06:19:36,714 - INFO -   ✓ 25: 제주혼술바언스테이블 애월점 
2026-04-21 06:19:55,137 - INFO -   ✓ 26: 뜨레솥밥 📷
2026-04-21 06:20:13,273 - INFO -   ✓ 27: 전복죽일번가 애월해안도로본점 
2026-04-21 06:20:31,225 - INFO -   ✓ 28: 미깡창고 📷
2026-04-21 06:20:48,694 - INFO -   ✓ 29: 애월맛집제주다 📷
2026-04-21 06:21:07,136 - INFO -   ✓ 30: 꺼멍집 다 구워 나오는 흑돼지 📷
2026-04-21 06:21:25,106 - INFO -   ✓ 31: 미스터 두리안 카페 📷
2026-04-21 06:21:43,654 - INFO -   ✓ 32: 애월뼈한상 
2026-04-21 06:22:02,291 - INFO -   ✓ 33: 안돈오마카세 제주본점 📷
2026-04-21 06:22:20,289 - INFO -   ✓ 34: 카페태희 
2026-04-21 06:22:37,995 - INFO -   ✓ 35: 곽나루 애월본점 
2026-04-21 06:22:55,321 - INFO -   ✓ 36: 한라소곱창 애월하귀점 
2026-04-21 06:23:13,107 - INFO -   ✓ 37: 뚜레쥬르 제주애월점 
2026-04-21 06:23:31,575 - INFO -   ✓ 38: 마라힐링 
2026-04-21 06:23:49,002 - INFO -   ✓ 39: 곽지곤지암해장국 📝
2026-04-21 06:24:08,047 - INFO -   ✓ 40: 제주만주 📷
2026-04-21 06:24:27,015 - INFO -   ✓ 41: 모리노아루요 📷
2026-04-21 06:24:44,871 - INFO -   ✓ 42: 태공식당 
2026-04-21 06:25:02,948 - INFO -   ✓ 43: 제주세진해장국 📷
2026-04-21 06:25:19,834 - INFO -   ✓ 44: 달소금식탁 📷📝
2026-04-21 06:25:37,074 - INFO -   ✓ 45: 악어식당 📷
2026-04-21 06:25:55,218 - INFO -   ✓ 46: 하르방짬뽕 
2026-04-21 06:26:16,053 - INFO -   ✓ 47: 노형한빛식당 📝
2026-04-21 06:26:33,963 - INFO -   ✓ 48: 수제홍과일모찌 애월하귀점 📷
2026-04-21 06:26:51,597 - INFO -   ✓ 49: 시키 📷
2026-04-21 06:27:08,973 - INFO -   ✓ 50: 먼치번즈 📷
2026-04-21 06:27:27,918 - INFO -   ✓ 51: 이피커피 📷
2026-04-21 06:27:45,025 - INFO -   ✓ 52: 짬뽕플러스 📷
2026-04-21 06:28:03,033 - INFO -   ✓ 53: 콩카페 제주곽지해변점 📷
2026-04-21 06:28:21,721 - INFO -   ✓ 54: 코시롱 애월흑돼지 📷📝
2026-04-21 06:28:39,492 - INFO -   ✓ 55: 푸라닭 제주애월하귀 📷📝
2026-04-21 06:28:58,412 - INFO -   ✓ 56: 바리바리분식 
2026-04-21 06:29:15,794 - INFO -   ✓ 57: 제주다옴돈까스 
2026-04-21 06:29:33,449 - INFO -   ✓ 58: 황제중화요리 곽지점 📷📝
2026-04-21 06:29:50,438 - INFO -   ✓ 59: 면공장 📷
2026-04-21 06:30:08,184 - INFO -   ✓ 60: 탐라해동밥상 
2026-04-21 06:30:25,569 - INFO -   ✓ 61: 비스마일 본점 📷
2026-04-21 06:30:43,596 - INFO -   ✓ 62: 바당한그릇 애월본점 📷📝
2026-04-21 06:31:02,914 - INFO -   ✓ 63: 바당횟집 
2026-04-21 06:31:20,380 - INFO -   ✓ 64: 돌담땅콩국수 
2026-04-21 06:31:38,907 - INFO -   ✓ 65: 누렁소앤도새기 애월흑돼지본점 📷
2026-04-21 06:31:58,972 - INFO -   ✓ 66: 만지식당 📷
2026-04-21 06:32:17,155 - INFO -   ✓ 67: 소길다방 📷
2026-04-21 06:32:35,054 - INFO -   ✓ 68: 애월 흑돼지 고깃간 본점 📷
2026-04-21 06:32:54,211 - INFO -   ✓ 69: 야키니쿠제주 📷
2026-04-21 06:33:12,190 - INFO -   ✓ 70: 고추냉이식당 📷
2026-04-21 06:33:12,193 - INFO - 📁 파일 제주시 애월읍 맛집.csv에 데이터 추가 완료 (70건)
2026-04-21 06:33:12,793 - INFO - ☁️ GitHub 자동 푸시 완료: 4페이지 데이터 박제 성공!
2026-04-21 06:33:12,793 - INFO - 🧹 메모리 최적화: 4페이지 완료. 브라우저를 선제적으로 재시작합니다.
2026-04-21 06:33:21,085 - INFO - 🚀 ChromeDriver 초기화 중...
2026-04-21 06:34:18,997 - INFO - 🪧 '제주시 애월읍 맛집' 5페이지: 20개 항목 발견
2026-04-21 06:34:36,769 - INFO -   ✓ 1: 애월엄마 
2026-04-21 06:34:53,866 - INFO -   ✓ 2: 숙이네보리빵 
2026-04-21 06:35:10,571 - INFO -   ✓ 3: 녹색식당 
2026-04-21 06:35:27,400 - INFO -   ✓ 4: 빌레못 📷
2026-04-21 06:35:44,441 - INFO -   ✓ 5: 투썸플레이스 곽지과물해변점 
2026-04-21 06:36:00,978 - INFO -   ✓ 6: 애월제주빵집 📷📝
2026-04-21 06:36:17,932 - INFO -   ✓ 7: 꽁순이네 
2026-04-21 06:36:35,144 - INFO -   ✓ 8: 애월흑돼지 하귀 흑생 📷
2026-04-21 06:36:52,442 - INFO -   ✓ 9: 봉성식당 
2026-04-21 06:37:09,942 - INFO -   ✓ 10: 다과상점 📷
2026-04-21 06:37:26,756 - INFO -   ✓ 11: 하치다찌방 📷
2026-04-21 06:37:44,305 - INFO -   ✓ 12: 수스로로스팅하우스 
2026-04-21 06:38:01,008 - INFO -   ✓ 13: 애월항 커피사무소 📷
2026-04-21 06:38:18,741 - INFO -   ✓ 14: 스시 연 📷
2026-04-21 06:38:35,631 - INFO -   ✓ 15: 돌담위에흑돼지 📷
2026-04-21 06:38:53,095 - INFO -   ✓ 16: 애월본카페 📷
2026-04-21 06:39:10,235 - INFO -   ✓ 17: 리치망고 애월본점 📷
2026-04-21 06:39:27,491 - INFO -   ✓ 18: 삼일해장국 
2026-04-21 06:39:45,360 - INFO -   ✓ 19: 촌스럽 📷
2026-04-21 06:40:02,354 - INFO -   ✓ 20: 칠돈가 새별오름점 
2026-04-21 06:40:02,358 - INFO - 📁 파일 제주시 애월읍 맛집.csv에 데이터 추가 완료 (20건)
2026-04-21 06:40:03,134 - INFO - ☁️ GitHub 자동 푸시 완료: 5페이지 데이터 박제 성공!
2026-04-21 06:40:03,134 - INFO - ✅ 검색어 '제주시 애월읍 맛집' (최대 5페이지) 크롤링 완료
2026-04-21 06:40:57,651 - INFO - 🪧 '제주시 한림읍 맛집' 1페이지: 70개 항목 발견
2026-04-21 06:41:15,933 - INFO -   ✓ 1: 온정조림 제주협재점 
2026-04-21 06:41:33,693 - INFO -   ✓ 2: 쉼표 📷
2026-04-21 06:41:50,574 - INFO -   ✓ 3: 돌갱이네집 제주협재리본점 📝
2026-04-21 06:42:08,291 - INFO -   ✓ 4: 레코드 콘스트 📷
2026-04-21 06:42:25,762 - INFO -   ✓ 5: 수선화식당 협재 본점 
2026-04-21 06:42:43,321 - INFO -   ✓ 6: 고기부엌협재본점 📷
2026-04-21 06:43:00,661 - INFO -   ✓ 7: 협재흑돼지 바당돈 
2026-04-21 06:43:18,299 - INFO -   ✓ 8: 안녕협재씨 제주점 📷
2026-04-21 06:43:37,211 - INFO -   ✓ 9: 도민상회본점 제주한림협재흑돼지 
2026-04-21 06:43:55,190 - INFO -   ✓ 10: 돈해상 제주한림협재흑돼지 📷
2026-04-21 06:44:13,773 - INFO -   ✓ 11: 리버브제주 📷
2026-04-21 06:44:32,294 - INFO -   ✓ 12: 호텔샌드 📷
2026-04-21 06:44:50,846 - INFO -   ✓ 13: 명랑스낵 📷
2026-04-21 06:45:09,816 - INFO -   ✓ 14: 채훈이네 해장국 제주협재점 📷
2026-04-21 06:45:27,971 - INFO -   ✓ 15: 난춘식당 고기국수 제주협재본점 📷
2026-04-21 06:45:45,582 - INFO -   ✓ 16: 파라토도스 📷
2026-04-21 06:46:04,126 - INFO -   ✓ 17: 도톰 협재점 
2026-04-21 06:46:23,208 - INFO -   ✓ 18: 비주비주 한림점 📷
2026-04-21 06:46:41,703 - INFO -   ✓ 19: 한림칼국수 📷
2026-04-21 06:47:00,176 - INFO -   ✓ 20: 플로웨이브 📷
2026-04-21 06:47:18,562 - INFO -   ✓ 21: 스타벅스 제주금악DT점 📷
2026-04-21 06:47:37,374 - INFO -   ✓ 22: 잉겅 한림협재흑돼지 📷
2026-04-21 06:47:56,008 - INFO -   ✓ 23: 바다술상 📷
2026-04-21 06:48:14,543 - INFO -   ✓ 24: 협재칼국수 📷
2026-04-21 06:48:32,407 - INFO -   ✓ 25: 더싱글라운지 토스트 브런치 협재점 📷
2026-04-21 06:48:50,213 - INFO -   ✓ 26: 베릴 📷
2026-04-21 06:49:08,163 - INFO -   ✓ 27: 협재해물라면 쪼꼴락상회 📷
2026-04-21 06:49:25,574 - INFO -   ✓ 28: 슬랩 📷
2026-04-21 06:49:43,782 - INFO -   ✓ 29: 협재수우동 협재점 
2026-04-21 06:50:01,318 - INFO -   ✓ 30: 대문집 📷
2026-04-21 06:50:20,224 - INFO -   ✓ 31: 바당길 📝
2026-04-21 06:50:38,481 - INFO -   ✓ 32: 옥만이네 제주금능협재점 📷
2026-04-21 06:50:57,376 - INFO -   ✓ 33: 독개물항 제주한림 협재 본점 📝
2026-04-21 06:51:15,670 - INFO -   ✓ 34: 잔물결 협재 본점 📷
2026-04-21 06:51:33,678 - INFO -   ✓ 35: 우무 📷
2026-04-21 06:51:52,462 - INFO -   ✓ 36: 해화탕 📷
2026-04-21 06:52:10,489 - INFO -   ✓ 37: 문쏘 제주협재점 📷📝
2026-04-21 06:52:29,332 - INFO -   ✓ 38: 옹포바다횟집 📷
2026-04-21 06:52:48,522 - INFO -   ✓ 39: 동화과자점 📷
2026-04-21 06:53:06,473 - INFO -   ✓ 40: 뽈살집한림점 
2026-04-21 06:53:25,400 - INFO -   ✓ 41: 협재해물라면오빠네 📷
2026-04-21 06:53:42,958 - INFO -   ✓ 42: 한형수정원 📷
2026-04-21 06:54:01,770 - INFO -   ✓ 43: 메가MGC커피 협재해수욕장점 
2026-04-21 06:54:21,070 - INFO -   ✓ 44: 도르르김밥 
2026-04-21 06:54:40,467 - INFO -   ✓ 45: 집의기록상점 📷
2026-04-21 06:54:57,409 - INFO -   ✓ 46: 삼일식당 
2026-04-21 06:55:16,232 - INFO -   ✓ 47: 제주등대아구찜 
2026-04-21 06:55:35,332 - INFO -   ✓ 48: 협재 면차롱 📷
2026-04-21 06:55:53,007 - INFO -   ✓ 49: 정가네 일품순두부 한림점 
2026-04-21 06:56:11,604 - INFO -   ✓ 50: 근쌀남 📷
2026-04-21 06:56:28,869 - INFO -   ✓ 51: 협재술집1번가 협재라면상회 📷
2026-04-21 06:56:46,434 - INFO -   ✓ 52: 감성돈 제주협재본점 
2026-04-21 06:57:03,815 - INFO -   ✓ 53: rnr 📷
2026-04-21 06:57:22,569 - INFO -   ✓ 54: 양자강 
2026-04-21 06:57:39,917 - INFO -   ✓ 55: 시트러스가드닝카페 📷📝
2026-04-21 06:57:57,533 - INFO -   ✓ 56: 선인장식당 
2026-04-21 06:58:17,914 - INFO -   ✓ 57: 더비치크랩 제주협재점 
2026-04-21 06:58:35,776 - INFO -   ✓ 58: 하비32 📷📝
2026-04-21 06:58:54,209 - INFO -   ✓ 59: 그시절그짬뽕 📷
2026-04-21 06:59:11,974 - INFO -   ✓ 60: 싱싱잇 📷
2026-04-21 06:59:30,192 - INFO -   ✓ 61: 콩마루순두부짬뽕 
2026-04-21 06:59:48,437 - INFO -   ✓ 62: 금능해수욕장 은희네해장국 한림 협재점 
2026-04-21 07:00:06,799 - INFO -   ✓ 63: 블랙씨걸 
2026-04-21 07:00:24,060 - INFO -   ✓ 64: 스타벅스 제주협재점 📷
2026-04-21 07:00:41,452 - INFO -   ✓ 65: 금능반지하 📷
2026-04-21 07:00:58,684 - INFO -   ✓ 66: 포크 📷
2026-04-21 07:01:16,528 - INFO -   ✓ 67: 제주협재 바다해찬 
2026-04-21 07:01:36,247 - INFO -   ✓ 68: 열흘 흑돼지 제주한림협재점 📷
2026-04-21 07:01:55,522 - INFO -   ✓ 69: 비타민국수 📷
2026-04-21 07:02:13,400 - INFO -   ✓ 70: 금능제면소 제주금능협재점 📷
2026-04-21 07:02:13,403 - INFO - 📁 파일 제주시 한림읍 맛집.csv 생성 및 저장 완료 (70건)
2026-04-21 07:02:13,912 - INFO - ☁️ GitHub 자동 푸시 완료: 1페이지 데이터 박제 성공!
2026-04-21 07:02:13,912 - INFO - 🧹 메모리 최적화: 1페이지 완료. 브라우저를 선제적으로 재시작합니다.
2026-04-21 07:02:22,258 - INFO - 🚀 ChromeDriver 초기화 중...
2026-04-21 07:03:26,791 - INFO - 🪧 '제주시 한림읍 맛집' 2페이지: 70개 항목 발견
2026-04-21 07:03:46,971 - INFO -   ✓ 1: 로스터리 묵음 📷
2026-04-21 07:04:04,746 - INFO -   ✓ 2: 옹포정미소 한림협재본점 📷📝
2026-04-21 07:04:22,944 - INFO -   ✓ 3: 직구고 📷
2026-04-21 07:04:40,694 - INFO -   ✓ 4: 혼저 흑돼지 협재금능판포점 📷
2026-04-21 07:05:00,036 - INFO -   ✓ 5: 오크라 
2026-04-21 07:05:18,001 - INFO -   ✓ 6: 제갈양 제주협재점 📷📝
2026-04-21 07:05:36,426 - INFO -   ✓ 7: 카페콜라 📝
2026-04-21 07:05:54,463 - INFO -   ✓ 8: 협재온다정 📷
2026-04-21 07:06:12,329 - INFO -   ✓ 9: 샤브마니아 제주한림점 📷
2026-04-21 07:06:31,384 - INFO -   ✓ 10: 도돈 협재 흑돼지본점 📷📝
2026-04-21 07:06:50,306 - INFO -   ✓ 11: 피그농원 
2026-04-21 07:07:07,858 - INFO -   ✓ 12: 협재갈치조림구이 운치 본점 📷
2026-04-21 07:07:25,617 - INFO -   ✓ 13: 제주본국수 
2026-04-21 07:07:43,746 - INFO -   ✓ 14: 아카렌가 한림협재점 📷
2026-04-21 07:08:02,166 - INFO -   ✓ 15: 바른물 
2026-04-21 07:08:20,456 - INFO -   ✓ 16: 제주도 해녀세자매 협재본점 📷📝
2026-04-21 07:08:38,043 - INFO -   ✓ 17: 둘레길 협재금능점 📷
2026-04-21 07:08:56,410 - INFO -   ✓ 18: 제주갈치도 협재 본점 📝
2026-04-21 07:09:15,997 - INFO -   ✓ 19: 협재리식당 제주협재본점 📷📝
2026-04-21 07:09:34,122 - INFO -   ✓ 20: 협재흑돼지더꽃돈본점 📷
2026-04-21 07:09:52,757 - INFO -   ✓ 21: 협재섬바다 
2026-04-21 07:10:10,343 - INFO -   ✓ 22: 오리지날로맨스 협재 📷
2026-04-21 07:10:27,685 - INFO -   ✓ 23: 협재해녀의집 📷
2026-04-21 07:10:45,554 - INFO -   ✓ 24: 제주코 흑돼지 제주금능협재점 📷
2026-04-21 07:11:03,918 - INFO -   ✓ 25: 말로나카페 📷
2026-04-21 07:11:22,369 - INFO -   ✓ 26: 카페봄봄 한림점 
2026-04-21 07:11:40,427 - INFO -   ✓ 27: 보영 
2026-04-21 07:11:58,208 - INFO -   ✓ 28: 수일통닭 제주한림점 
2026-04-21 07:12:15,755 - INFO -   ✓ 29: 협재신국수 📷
2026-04-21 07:12:33,447 - INFO -   ✓ 30: 금능고깃집 보리짚불구이 📷
2026-04-21 07:12:52,632 - INFO -   ✓ 31: 옹포횟집 제주한림협재본점 
2026-04-21 07:13:11,218 - INFO -   ✓ 32: 협재리 양식당 이에프쿠치나 📷
2026-04-21 07:13:29,460 - INFO -   ✓ 33: 부원뚝배기 
2026-04-21 07:13:47,999 - INFO -   ✓ 34: 한라축산정육식당 제주한림흑돼지 📷📝
2026-04-21 07:14:05,401 - INFO -   ✓ 35: 금능샌드 📷
2026-04-21 07:14:23,613 - INFO -   ✓ 36: 협재어둑 📷
2026-04-21 07:14:42,826 - INFO -   ✓ 37: 제주시차 📷
2026-04-21 07:15:00,794 - INFO -   ✓ 38: 금악무짠지냉면 📷
2026-04-21 07:15:19,300 - INFO -   ✓ 39: 제주아홉 본점 협재점 📷
2026-04-21 07:15:40,666 - INFO -   ✓ 40: 구둠 📷
2026-04-21 07:15:58,335 - INFO -   ✓ 41: 바다는 잘 있습니다 📷
2026-04-21 07:16:15,490 - INFO -   ✓ 42: 한림일품횟집 📷
2026-04-21 07:16:34,533 - INFO -   ✓ 43: 시종일관 📷
2026-04-21 07:16:53,531 - INFO -   ✓ 44: 바다멍 제주 📷
2026-04-21 07:17:11,525 - INFO -   ✓ 45: AND유CAFE 📷📝
2026-04-21 07:17:30,055 - INFO -   ✓ 46: 우유부단 제주성이시돌목장본점 📷
2026-04-21 07:17:47,826 - INFO -   ✓ 47: 187sentiment 📷
2026-04-21 07:18:05,240 - INFO -   ✓ 48: 물 📷
2026-04-21 07:18:22,841 - INFO -   ✓ 49: 카페휘 📷
2026-04-21 07:18:39,653 - INFO -   ✓ 50: 경성수산 📷
2026-04-21 07:18:58,004 - INFO -   ✓ 51: 백부장집 📷📝
2026-04-21 07:19:16,643 - INFO -   ✓ 52: 마노앤디또 본점 📷
2026-04-21 07:19:35,935 - INFO -   ✓ 53: 꺼멍돗살제주삼춘네 📷
2026-04-21 07:19:53,461 - INFO -   ✓ 54: 한림웅담 제주협재점 📷📝
2026-04-21 07:20:11,679 - INFO -   ✓ 55: 우정해장국 
2026-04-21 07:20:30,831 - INFO -   ✓ 56: 월령15 📷
2026-04-21 07:20:47,992 - INFO -   ✓ 57: 마크사이공제주 📷
2026-04-21 07:21:06,089 - INFO -   ✓ 58: 메리앤폴 📷
2026-04-21 07:21:23,564 - INFO -   ✓ 59: BHC치킨 제주협재점 
2026-04-21 07:21:41,271 - INFO -   ✓ 60: 제주머슴네 제주본점 
2026-04-21 07:21:59,468 - INFO -   ✓ 61: 아니따 파스타 한림금악본점 📷
2026-04-21 07:22:17,522 - INFO -   ✓ 62: 화춘 📷
2026-04-21 07:22:35,003 - INFO -   ✓ 63: 비양놀 📷
2026-04-21 07:22:55,074 - INFO -   ✓ 64: 영진보말칼국수 제주협재점 
2026-04-21 07:23:12,709 - INFO -   ✓ 65: 옹포상회 제주한림협재본점 📷
2026-04-21 07:23:30,298 - INFO -   ✓ 66: 틈새라면 협재점 
2026-04-21 07:23:48,546 - INFO -   ✓ 67: 협재솥 📷
2026-04-21 07:24:07,300 - INFO -   ✓ 68: 바라버거 📷
2026-04-21 07:24:26,567 - INFO -   ✓ 69: 누산타라 📝
2026-04-21 07:24:44,583 - INFO -   ✓ 70: 뼈대감 본점 
2026-04-21 07:24:44,586 - INFO - 📁 파일 제주시 한림읍 맛집.csv에 데이터 추가 완료 (70건)
2026-04-21 07:24:45,164 - INFO - ☁️ GitHub 자동 푸시 완료: 2페이지 데이터 박제 성공!
2026-04-21 07:24:45,164 - INFO - 🧹 메모리 최적화: 2페이지 완료. 브라우저를 선제적으로 재시작합니다.
2026-04-21 07:24:53,465 - INFO - 🚀 ChromeDriver 초기화 중...
2026-04-21 07:26:01,498 - INFO - 🪧 '제주시 한림읍 맛집' 3페이지: 70개 항목 발견
2026-04-21 07:26:20,929 - INFO -   ✓ 1: 비올레제주 
2026-04-21 07:26:37,903 - INFO -   ✓ 2: Cafe Salida 
2026-04-21 07:26:56,111 - INFO -   ✓ 3: 해물나무 제주한림점 
2026-04-21 07:27:14,650 - INFO -   ✓ 4: 온해장국 📷
2026-04-21 07:27:32,771 - INFO -   ✓ 5: 제주청정해담회센터 협재한림점 📷
2026-04-21 07:27:50,283 - INFO -   ✓ 6: 삼대국수회관 협재점 📷📝
2026-04-21 07:28:07,856 - INFO -   ✓ 7: 카페인어 📷
2026-04-21 07:28:25,613 - INFO -   ✓ 8: 바크모스 📷
2026-04-21 07:28:44,306 - INFO -   ✓ 9: 브레드바이브 📷
2026-04-21 07:29:01,958 - INFO -   ✓ 10: 협재해수욕장 짜장면 탕수육 
2026-04-21 07:29:19,718 - INFO -   ✓ 11: 동백키친 📷
2026-04-21 07:29:37,369 - INFO -   ✓ 12: 바다이야기 📷
2026-04-21 07:29:56,110 - INFO -   ✓ 13: 일억조 📷
2026-04-21 07:30:14,095 - INFO -   ✓ 14: 듬삭한 협재점 📷
2026-04-21 07:30:32,470 - INFO -   ✓ 15: 버거307 협재점 
2026-04-21 07:30:51,637 - INFO -   ✓ 16: 공훈브런치 제주협재점 📷
2026-04-21 07:31:10,343 - INFO -   ✓ 17: 비선루 📷
2026-04-21 07:31:29,599 - INFO -   ✓ 18: 다람쥐식탁 📷
2026-04-21 07:31:49,391 - INFO -   ✓ 19: 큰여 
2026-04-21 07:32:08,676 - INFO -   ✓ 20: 금능포구횟집 
2026-04-21 07:32:26,983 - INFO -   ✓ 21: 착한스시 📷
2026-04-21 07:32:45,025 - INFO -   ✓ 22: 무호소반 📷
2026-04-21 07:33:03,419 - INFO -   ✓ 23: 몽실이네 
2026-04-21 07:33:21,105 - INFO -   ✓ 24: 롯데리아 제주한림점 📷
2026-04-21 07:33:38,777 - INFO -   ✓ 25: 금능해장국 
2026-04-21 07:33:56,121 - INFO -   ✓ 26: 동명동락 
2026-04-21 07:34:13,692 - INFO -   ✓ 27: 옹포별장가든 
2026-04-21 07:34:32,844 - INFO -   ✓ 28: 제주산방식당 협재점 📷
2026-04-21 07:34:50,632 - INFO -   ✓ 29: 도준 📷
2026-04-21 07:35:07,412 - INFO -   ✓ 30: 다가미 한림점 
2026-04-21 07:35:25,602 - INFO -   ✓ 31: 새한라회관 
2026-04-21 07:35:44,222 - INFO -   ✓ 32: 카페이면 📷
2026-04-21 07:36:01,824 - INFO -   ✓ 33: 로지스시 
2026-04-21 07:36:19,707 - INFO -   ✓ 34: 협재화덕 도나토스 
2026-04-21 07:36:38,059 - INFO -   ✓ 35: 커피공장 📷
2026-04-21 07:36:56,177 - INFO -   ✓ 36: 금악리 자양식당 📷
2026-04-21 07:37:14,302 - INFO -   ✓ 37: 고향흑돼지 
2026-04-21 07:37:32,199 - INFO -   ✓ 38: 협재흑돼지 협재혼담 📷
2026-04-21 07:37:50,578 - INFO -   ✓ 39: 도원춘 
2026-04-21 07:38:09,259 - INFO -   ✓ 40: 똣똣라면 본점 
2026-04-21 07:38:26,883 - INFO -   ✓ 41: 한림돼지국밥 
2026-04-21 07:38:45,812 - INFO -   ✓ 42: 금악퐁낭국수 📷
2026-04-21 07:39:05,489 - INFO -   ✓ 43: 더싱글라운지 펍&바 협재점 📷
2026-04-21 07:39:23,717 - INFO -   ✓ 44: BHC치킨 제주한림점 
2026-04-21 07:39:41,984 - INFO -   ✓ 45: 찰리스 한림협재본점 📷📝
2026-04-21 07:39:59,236 - INFO -   ✓ 46: 면뽑는선생만두빚는아내 
2026-04-21 07:40:17,042 - INFO -   ✓ 47: 크도 📷
2026-04-21 07:40:36,259 - INFO -   ✓ 48: 금능식당 📷
2026-04-21 07:40:54,826 - INFO -   ✓ 49: 오만정성 제주협재점 📷
2026-04-21 07:41:13,120 - INFO -   ✓ 50: 배스킨라빈스 제주한림 📷📝
2026-04-21 07:41:30,719 - INFO -   ✓ 51: 시에나 샌드위치샵 📷
2026-04-21 07:41:48,795 - INFO -   ✓ 52: 조은기록 📷📝
2026-04-21 07:42:09,734 - INFO -   ✓ 53: 파리바게뜨 협재해수욕장점 📝
2026-04-21 07:42:27,388 - INFO -   ✓ 54: 상희식당 
2026-04-21 07:42:44,802 - INFO -   ✓ 55: 협재이길 📷
2026-04-21 07:43:05,474 - INFO -   ✓ 56: by MOT 📷
2026-04-21 07:43:23,385 - INFO -   ✓ 57: 활어왕 
2026-04-21 07:43:40,565 - INFO -   ✓ 58: 돼지굽는정원 제주협재점 📷
2026-04-21 07:43:58,875 - INFO -   ✓ 59: 제주미친흑돈 
2026-04-21 07:44:17,951 - INFO -   ✓ 60: 동명정류장 📷
2026-04-21 07:44:37,318 - INFO -   ✓ 61: 금오뜨레 📷
2026-04-21 07:44:56,891 - INFO -   ✓ 62: 배롱정원 협재 📷
2026-04-21 07:45:15,348 - INFO -   ✓ 63: 회나루 
2026-04-21 07:45:32,497 - INFO -   ✓ 64: 성아시 📷
2026-04-21 07:45:50,649 - INFO -   ✓ 65: 마이크로하비타트 📷
2026-04-21 07:46:08,641 - INFO -   ✓ 66: 우피후피 금능점 📷
2026-04-21 07:46:26,165 - INFO -   ✓ 67: 싱도이 
2026-04-21 07:46:44,670 - INFO -   ✓ 68: 어박사 한림본점 📷
2026-04-21 07:47:02,531 - INFO -   ✓ 69: 칠돈가 제주한림협재점 
2026-04-21 07:47:22,821 - INFO -   ✓ 70: Osds 협재 📷
2026-04-21 07:47:22,824 - INFO - 📁 파일 제주시 한림읍 맛집.csv에 데이터 추가 완료 (70건)
2026-04-21 07:47:23,351 - INFO - ☁️ GitHub 자동 푸시 완료: 3페이지 데이터 박제 성공!
2026-04-21 07:47:23,352 - INFO - 🧹 메모리 최적화: 3페이지 완료. 브라우저를 선제적으로 재시작합니다.
2026-04-21 07:47:31,646 - INFO - 🚀 ChromeDriver 초기화 중...
2026-04-21 07:48:46,454 - INFO - 🪧 '제주시 한림읍 맛집' 4페이지: 70개 항목 발견
2026-04-21 07:49:06,303 - INFO -   ✓ 1: 비양버거 제주금능본점 📷
2026-04-21 07:49:24,466 - INFO -   ✓ 2: 월령작야 달의객잔 📷📝
2026-04-21 07:49:41,822 - INFO -   ✓ 3: 티티알 📷
2026-04-21 07:49:59,852 - INFO -   ✓ 4: 또시 📷
2026-04-21 07:50:18,365 - INFO -   ✓ 5: 명가낙지 
2026-04-21 07:50:35,847 - INFO -   ✓ 6: 한수풀더돈 📷
2026-04-21 07:50:53,483 - INFO -   ✓ 7: 제주 정직한돈 한림협재점 
2026-04-21 07:51:10,626 - INFO -   ✓ 8: 벌크커피 한림점 
2026-04-21 07:51:29,121 - INFO -   ✓ 9: 한상더대첩 
2026-04-21 07:51:48,450 - INFO -   ✓ 10: 탐나쑥빵 
2026-04-21 07:52:06,131 - INFO -   ✓ 11: 일빈관 
2026-04-21 07:52:23,733 - INFO -   ✓ 12: 애월연어 협재직영점 📷
2026-04-21 07:52:41,367 - INFO -   ✓ 13: 제주주옥 📷📝
2026-04-21 07:53:01,618 - INFO -   ✓ 14: 보람순대국밥 
2026-04-21 07:53:20,201 - INFO -   ✓ 15: 풍년순대국밥 
2026-04-21 07:53:38,111 - INFO -   ✓ 16: 그린페블 📷📝
2026-04-21 07:53:55,378 - INFO -   ✓ 17: 제주머슴네전복김밥 금능판포점 
2026-04-21 07:54:13,355 - INFO -   ✓ 18: 은정이네갈비 
2026-04-21 07:54:31,317 - INFO -   ✓ 19: 지픈오뎅바 📷
2026-04-21 07:54:50,385 - INFO -   ✓ 20: cafe064knot 📷
2026-04-21 07:55:07,972 - INFO -   ✓ 21: 여러분제과점 📷
2026-04-21 07:55:26,253 - INFO -   ✓ 22: 빽다방 제주한림점 
2026-04-21 07:55:44,768 - INFO -   ✓ 23: 금능해녀고깃간 📷
2026-04-21 07:56:02,908 - INFO -   ✓ 24: 협재볼륨 📷
2026-04-21 07:56:20,972 - INFO -   ✓ 25: 바르왓고기국수 📷
2026-04-21 07:56:38,358 - INFO -   ✓ 26: 시간과 온도 📷
2026-04-21 07:56:56,675 - INFO -   ✓ 27: 비에노즈 카페 📷
2026-04-21 07:57:15,778 - INFO -   ✓ 28: 한림항정육식당 
2026-04-21 07:57:33,436 - INFO -   ✓ 29: 카페유주 📷
2026-04-21 07:57:51,477 - INFO -   ✓ 30: 맘마리아 📷
2026-04-21 07:58:08,807 - INFO -   ✓ 31: 놀랄만두하군 
2026-04-21 07:58:26,290 - INFO -   ✓ 32: 종문 
2026-04-21 07:58:44,775 - INFO -   ✓ 33: 판포미인 📷
2026-04-21 07:59:03,221 - INFO -   ✓ 34: 무조리실 📷📝
2026-04-21 07:59:21,310 - INFO -   ✓ 35: 이익새양과점 
2026-04-21 07:59:40,783 - INFO -   ✓ 36: 제주옛날통닭 
2026-04-21 07:59:59,453 - INFO -   ✓ 37: 육고깃집 📷
2026-04-21 08:00:17,768 - INFO -   ✓ 38: 대금식당 
2026-04-21 08:00:36,177 - INFO -   ✓ 39: 바다제비 📷
2026-04-21 08:00:56,084 - INFO -   ✓ 40: 옹포83 📷
2026-04-21 08:01:13,435 - INFO -   ✓ 41: 빨간집 
2026-04-21 08:01:31,332 - INFO -   ✓ 42: 멜톤 📷
2026-04-21 08:01:49,074 - INFO -   ✓ 43: 우리뜰식당 제주협재본점 
2026-04-21 08:02:07,858 - INFO -   ✓ 44: 스토브온 제주 📷📝
2026-04-21 08:02:24,986 - INFO -   ✓ 45: 더플로우 협재점 📷
2026-04-21 08:02:42,996 - INFO -   ✓ 46: 루스트플레이스 한림점 
2026-04-21 08:03:01,750 - INFO -   ✓ 47: 모메존감자탕 협재한림 📷
2026-04-21 08:03:21,001 - INFO -   ✓ 48: 진질해녀식당 📷
2026-04-21 08:03:38,793 - INFO -   ✓ 49: 카페이시도르 
2026-04-21 08:03:55,998 - INFO -   ✓ 50: 공룡마라탕&꼬치 7호점 
2026-04-21 08:04:15,532 - INFO -   ✓ 51: 톤대섬 
2026-04-21 08:04:32,724 - INFO -   ✓ 52: 더송 in 협재 📷
2026-04-21 08:04:52,443 - INFO -   ✓ 53: 명월한상 📷
2026-04-21 08:05:10,528 - INFO -   ✓ 54: 버터베리 📷
2026-04-21 08:05:28,923 - INFO -   ✓ 55: 유다제주요코초 
2026-04-21 08:05:47,914 - INFO -   ✓ 56: 돈사돈 한림협재점 📷
2026-04-21 08:06:05,596 - INFO -   ✓ 57: 비치클리프 📷
2026-04-21 08:06:22,937 - INFO -   ✓ 58: 명월반점 
2026-04-21 08:06:41,521 - INFO -   ✓ 59: 하드보일드 📷
2026-04-21 08:07:01,371 - INFO -   ✓ 60: 산지해장국 한림점 
2026-04-21 08:07:20,470 - INFO -   ✓ 61: 한림옹포왕코다리전문점 
2026-04-21 08:07:37,995 - INFO -   ✓ 62: 라신비라멘 제주 📷
2026-04-21 08:07:57,242 - INFO -   ✓ 63: 상명식당 
2026-04-21 08:08:17,222 - INFO -   ✓ 64: 송돈흑돼지 제주 한림협재점 📷
2026-04-21 08:08:35,982 - INFO -   ✓ 65: 금악정육식당 
2026-04-21 08:08:54,715 - INFO -   ✓ 66: 월령포구 📷
2026-04-21 08:09:11,777 - INFO -   ✓ 67: 만민식당 📷
2026-04-21 08:09:29,538 - INFO -   ✓ 68: 컴포즈커피 제주한림점 
2026-04-21 08:09:48,591 - INFO -   ✓ 69: 슈퍼마켓화이트버거스탠드 📷
2026-04-21 08:10:07,148 - INFO -   ✓ 70: 금능낙원 📷
2026-04-21 08:10:07,151 - INFO - 📁 파일 제주시 한림읍 맛집.csv에 데이터 추가 완료 (70건)
2026-04-21 08:10:07,734 - INFO - ☁️ GitHub 자동 푸시 완료: 4페이지 데이터 박제 성공!
2026-04-21 08:10:07,734 - INFO - 🧹 메모리 최적화: 4페이지 완료. 브라우저를 선제적으로 재시작합니다.
2026-04-21 08:10:16,015 - INFO - 🚀 ChromeDriver 초기화 중...
2026-04-21 08:11:14,894 - INFO - 🪧 '제주시 한림읍 맛집' 5페이지: 20개 항목 발견
2026-04-21 08:11:32,080 - INFO -   ✓ 1: 일등정육식당&정육점 📷
2026-04-21 08:11:49,267 - INFO -   ✓ 2: 한림통큰장어 
2026-04-21 08:12:07,436 - INFO -   ✓ 3: 토투가커피 📷
2026-04-21 08:12:24,687 - INFO -   ✓ 4: 별난닭곰탕집 본점 
2026-04-21 08:12:42,078 - INFO -   ✓ 5: 리치망고 협재점 
2026-04-21 08:13:00,014 - INFO -   ✓ 6: 영자네고깃집 
2026-04-21 08:13:17,642 - INFO -   ✓ 7: 시선 📷
2026-04-21 08:13:34,198 - INFO -   ✓ 8: 자연과사람들밀면 한림점 
2026-04-21 08:13:51,571 - INFO -   ✓ 9: 손술집 협재 📷
2026-04-21 08:14:09,815 - INFO -   ✓ 10: 나까와 📷
2026-04-21 08:14:27,085 - INFO -   ✓ 11: 섬고래 📷
2026-04-21 08:14:44,321 - INFO -   ✓ 12: 하우스레서피 
2026-04-21 08:15:01,725 - INFO -   ✓ 13: 요망지게 제주협재본점 📷
2026-04-21 08:15:20,847 - INFO -   ✓ 14: 마담나탈리소셜클럽 📷
2026-04-21 08:15:38,039 - INFO -   ✓ 15: 돈대첩 
2026-04-21 08:15:55,447 - INFO -   ✓ 16: 황성옛터 
2026-04-21 08:16:12,579 - INFO -   ✓ 17: ODE Music Bar 📷
2026-04-21 08:16:29,626 - INFO -   ✓ 18: 코티지그릴 📷📝
2026-04-21 08:16:47,439 - INFO -   ✓ 19: 공탱크 📷
2026-04-21 08:17:05,108 - INFO -   ✓ 20: 대하 한식당 
2026-04-21 08:17:05,110 - INFO - 📁 파일 제주시 한림읍 맛집.csv에 데이터 추가 완료 (20건)
2026-04-21 08:17:05,661 - INFO - ☁️ GitHub 자동 푸시 완료: 5페이지 데이터 박제 성공!
2026-04-21 08:17:05,661 - INFO - ✅ 검색어 '제주시 한림읍 맛집' (최대 5페이지) 크롤링 완료
2026-04-21 08:17:54,418 - INFO - 🪧 '제주시 삼양동 맛집' 1페이지: 70개 항목 발견
2026-04-21 08:18:12,072 - INFO -   ✓ 1: 제주 밀라네사 뷔페 📷
2026-04-21 08:18:30,450 - INFO -   ✓ 2: 에오마르 
2026-04-21 08:18:47,579 - INFO -   ✓ 3: 스타벅스 제주삼화DT점 📷
2026-04-21 08:19:05,583 - INFO -   ✓ 4: 혀니케이크 📷
2026-04-21 08:19:23,394 - INFO -   ✓ 5: 목새 📷📝
2026-04-21 08:19:40,791 - INFO -   ✓ 6: 오병장 📝
2026-04-21 08:19:58,133 - INFO -   ✓ 7: 메가MGC커피 삼화점 
2026-04-21 08:20:16,483 - INFO -   ✓ 8: 황금닭갈비&장칼국수 삼화점 
2026-04-21 08:20:33,948 - INFO -   ✓ 9: 제주정낭집 
2026-04-21 08:20:52,620 - INFO -   ✓ 10: 화성식당 
2026-04-21 08:21:10,790 - INFO -   ✓ 11: 써브웨이 제주삼화점 
2026-04-21 08:21:27,775 - INFO -   ✓ 12: 배스킨라빈스 제주삼화 📷📝
2026-04-21 08:21:45,452 - INFO -   ✓ 13: 롯데리아 제주삼화지구점 📷
2026-04-21 08:22:03,237 - INFO -   ✓ 14: 보배반점 제주삼화점 📝
2026-04-21 08:22:21,268 - INFO -   ✓ 15: 일품순두부삼화점 
2026-04-21 08:22:39,707 - INFO -   ✓ 16: 펠롱펠롱 📷
2026-04-21 08:22:58,385 - INFO -   ✓ 17: 흑섬 📷
2026-04-21 08:23:15,644 - INFO -   ✓ 18: 윌리스 📷📝
2026-04-21 08:23:33,089 - INFO -   ✓ 19: 삼봉로한중식뷔페 
2026-04-21 08:23:50,952 - INFO -   ✓ 20: 카페덕자 📷
2026-04-21 08:24:09,236 - INFO -   ✓ 21: 샤브마니아 제주삼화점 
2026-04-21 08:24:27,963 - INFO -   ✓ 22: 신짜우베트남쌀국수 
2026-04-21 08:24:46,182 - INFO -   ✓ 23: 게더 제주 삼양점 📷
2026-04-21 08:25:04,276 - INFO -   ✓ 24: 진양 회 앤 초밥 
2026-04-21 08:25:21,749 - INFO -   ✓ 25: 마당육 📷
2026-04-21 08:25:39,845 - INFO -   ✓ 26: 쌍팔련도삼화점 
2026-04-21 08:25:57,306 - INFO -   ✓ 27: 커브커피스토어 📷
2026-04-21 08:26:15,389 - INFO -   ✓ 28: 호우코우 📷
2026-04-21 08:26:33,323 - INFO -   ✓ 29: 피슈마라홍탕 삼양점 
2026-04-21 08:26:52,258 - INFO -   ✓ 30: 가마치통닭 제주삼화지구점 
2026-04-21 08:27:10,269 - INFO -   ✓ 31: 삼양금돼지 📷
2026-04-21 08:27:27,841 - INFO -   ✓ 32: 마리조아 본점 
2026-04-21 08:27:47,011 - INFO -   ✓ 33: 스콘가게끌림 📷
2026-04-21 08:28:04,025 - INFO -   ✓ 34: 키코버거 📷
2026-04-21 08:28:20,935 - INFO -   ✓ 35: KFC 제주삼화 
2026-04-21 08:28:38,130 - INFO -   ✓ 36: 신마라본색 삼화점 
2026-04-21 08:28:55,390 - INFO -   ✓ 37: 나풀 📷
2026-04-21 08:29:13,411 - INFO -   ✓ 38: 덤브치킨 제주삼화점 📷
2026-04-21 08:29:30,611 - INFO -   ✓ 39: 신의한근 
2026-04-21 08:29:49,192 - INFO -   ✓ 40: 감수촌 
2026-04-21 08:30:06,040 - INFO -   ✓ 41: 삼화포구 
2026-04-21 08:30:24,265 - INFO -   ✓ 42: 아임파인 📷
2026-04-21 08:30:41,560 - INFO -   ✓ 43: 던킨 제주삼화점 
2026-04-21 08:30:59,984 - INFO -   ✓ 44: 제주풍년식당 📷
2026-04-21 08:31:18,030 - INFO -   ✓ 45: 다가미 삼양점 
2026-04-21 08:31:36,214 - INFO -   ✓ 46: 오사부양꼬치마라탕 
2026-04-21 08:31:54,050 - INFO -   ✓ 47: 도련님갈비 
2026-04-21 08:32:12,124 - INFO -   ✓ 48: 핸즈커피 제주도련점 
2026-04-21 08:32:30,884 - INFO -   ✓ 49: 제주화리 
2026-04-21 08:32:49,029 - INFO -   ✓ 50: 산지해장국 삼양점 
2026-04-21 08:33:09,539 - INFO -   ✓ 51: 삼양장원 
2026-04-21 08:33:27,642 - INFO -   ✓ 52: 삼형제시골순대 
2026-04-21 08:33:45,402 - INFO -   ✓ 53: 씨투디 📷
2026-04-21 08:34:04,760 - INFO -   ✓ 54: 수원왕갈비 
2026-04-21 08:34:22,066 - INFO -   ✓ 55: 영하45삼양해수욕장점 
2026-04-21 08:34:40,246 - INFO -   ✓ 56: 미루네닭숯불구이 삼화점 
2026-04-21 08:34:58,962 - INFO -   ✓ 57: 뚜레쥬르 제주도련점 
2026-04-21 08:35:17,350 - INFO -   ✓ 58: 고운오리 
2026-04-21 08:35:35,676 - INFO -   ✓ 59: 그로미제과 📷
2026-04-21 08:35:53,848 - INFO -   ✓ 60: 빵장수단팥빵 제주삼화점 📷
2026-04-21 08:36:12,948 - INFO -   ✓ 61: 삼양백년짜장 
2026-04-21 08:36:31,620 - INFO -   ✓ 62: 경일낙지삼화점 
2026-04-21 08:36:51,702 - INFO -   ✓ 63: 고향모밀촌 
2026-04-21 08:37:10,421 - INFO -   ✓ 64: 우미지베이커리 📷
2026-04-21 08:37:30,041 - INFO -   ✓ 65: 머깨비네 
2026-04-21 08:37:47,814 - INFO -   ✓ 66: 다담해장국 
2026-04-21 08:38:06,298 - INFO -   ✓ 67: 행복미가 📷
2026-04-21 08:38:23,721 - INFO -   ✓ 68: 삼대장 삼화점 
2026-04-21 08:38:40,751 - INFO -   ✓ 69: 파파무베이커리 📷
2026-04-21 08:38:57,719 - INFO -   ✓ 70: 코모커피 📷
2026-04-21 08:38:57,721 - INFO - 📁 파일 제주시 삼양동 맛집.csv 생성 및 저장 완료 (70건)
2026-04-21 08:38:58,317 - INFO - ☁️ GitHub 자동 푸시 완료: 1페이지 데이터 박제 성공!
2026-04-21 08:38:58,317 - INFO - 🧹 메모리 최적화: 1페이지 완료. 브라우저를 선제적으로 재시작합니다.
2026-04-21 08:39:06,642 - INFO - 🚀 ChromeDriver 초기화 중...
2026-04-21 08:40:06,440 - INFO - 🪧 '제주시 삼양동 맛집' 2페이지: 70개 항목 발견
2026-04-21 08:40:24,955 - INFO -   ✓ 1: 제주정 
2026-04-21 08:40:42,654 - INFO -   ✓ 2: 삼양우숙이앤인생게장 
2026-04-21 08:41:00,336 - INFO -   ✓ 3: 제주한족 
2026-04-21 08:41:17,831 - INFO -   ✓ 4: 이디야커피 제주삼화점 📷📝
2026-04-21 08:41:35,727 - INFO -   ✓ 5: 빽다방 제주삼화부영점 
2026-04-21 08:41:54,585 - INFO -   ✓ 6: 진양해장국 
2026-04-21 08:42:13,418 - INFO -   ✓ 7: 제주인짬뽕 삼화점 
2026-04-21 08:42:31,156 - INFO -   ✓ 8: 강윤구스시야 
2026-04-21 08:42:49,592 - INFO -   ✓ 9: 풍미원 📷
2026-04-21 08:43:07,756 - INFO -   ✓ 10: 크로와상 제주빵집 
2026-04-21 08:43:25,772 - INFO -   ✓ 11: 에이바우트커피 도련점 
2026-04-21 08:43:43,883 - INFO -   ✓ 12: 카페노아 📷
2026-04-21 08:44:02,193 - INFO -   ✓ 13: 민박사봉평막국수 제주삼화점 
2026-04-21 08:44:20,510 - INFO -   ✓ 14: 노가리앤비어 삼화 📝
2026-04-21 08:44:38,134 - INFO -   ✓ 15: 삼양칼국수 
2026-04-21 08:44:56,214 - INFO -   ✓ 16: 돈카름 
2026-04-21 08:45:13,981 - INFO -   ✓ 17: 순미네대구반고개무침회 삼화점 
2026-04-21 08:45:31,312 - INFO -   ✓ 18: 대풍해장국 
2026-04-21 08:45:48,818 - INFO -   ✓ 19: 삼화가츠우동 
2026-04-21 08:46:07,539 - INFO -   ✓ 20: 옥이이모 
2026-04-21 08:46:27,760 - INFO -   ✓ 21: 원당골 📝
2026-04-21 08:46:45,907 - INFO -   ✓ 22: 감성커피 제주삼화점 
2026-04-21 08:47:02,802 - INFO -   ✓ 23: 한촌설렁탕 삼화점 
2026-04-21 08:47:20,785 - INFO -   ✓ 24: 제주왓썸 
2026-04-21 08:47:39,276 - INFO -   ✓ 25: BHC치킨 삼화점 
2026-04-21 08:47:57,481 - INFO -   ✓ 26: 서흘포가든 📝
2026-04-21 08:48:14,956 - INFO -   ✓ 27: 히읗커피 📷
2026-04-21 08:48:33,297 - INFO -   ✓ 28: 사케있슈 📷
2026-04-21 08:48:50,814 - INFO -   ✓ 29: 모두락화로구이 
2026-04-21 08:49:08,552 - INFO -   ✓ 30: 소원식당 
2026-04-21 08:49:25,769 - INFO -   ✓ 31: 아구식당 
2026-04-21 08:49:44,786 - INFO -   ✓ 32: 미쁨김밥 
2026-04-21 08:50:02,111 - INFO -   ✓ 33: 오만과자점 📷
2026-04-21 08:50:19,485 - INFO -   ✓ 34: 삼양다방 📷
2026-04-21 08:50:38,290 - INFO -   ✓ 35: 한마음정육식당 제주삼화점 
2026-04-21 08:50:57,431 - INFO -   ✓ 36: 신전떡볶이 삼화점 📷
2026-04-21 08:51:15,898 - INFO -   ✓ 37: 이도통닭 화북삼양점 📷
2026-04-21 08:51:33,383 - INFO -   ✓ 38: 제주 곱들락 과일모찌 📷
2026-04-21 08:51:51,990 - INFO -   ✓ 39: 공차 제주삼화점 📝
2026-04-21 08:52:10,801 - INFO -   ✓ 40: 카페인중독 제주삼화점 
2026-04-21 08:52:28,861 - INFO -   ✓ 41: 카페 셔링 📷
2026-04-21 08:52:45,907 - INFO -   ✓ 42: 스시산요 
2026-04-21 08:53:04,532 - INFO -   ✓ 43: 꿀돼지 
2026-04-21 08:53:22,214 - INFO -   ✓ 44: 달퐁구움 📷
2026-04-21 08:53:39,849 - INFO -   ✓ 45: 메이회전초밥 
2026-04-21 08:53:57,156 - INFO -   ✓ 46: 어부복지리 
2026-04-21 08:54:15,058 - INFO -   ✓ 47: 일동국수 📷
2026-04-21 08:54:34,381 - INFO -   ✓ 48: 진성상회 삼화점 
2026-04-21 08:54:51,791 - INFO -   ✓ 49: 롱블랙 📷
2026-04-21 08:55:09,887 - INFO -   ✓ 50: 제주또바기보말칼국수전문점 📷📝
2026-04-21 08:55:27,758 - INFO -   ✓ 51: 12월 📷📝
2026-04-21 08:55:46,337 - INFO -   ✓ 52: 두찜 제주삼화지구점 📷📝
2026-04-21 08:56:04,995 - INFO -   ✓ 53: 백채김치찌개 제주삼화점 📷
2026-04-21 08:56:22,942 - INFO -   ✓ 54: 뉴봄봄김밥 📷
2026-04-21 08:56:39,823 - INFO -   ✓ 55: 솔트스톤골드점 📷
2026-04-21 08:56:57,915 - INFO -   ✓ 56: 디어마이스윗 제주 📷📝
2026-04-21 08:57:16,485 - INFO -   ✓ 57: BBQ치킨 삼양해수욕장점 📷📝
2026-04-21 08:57:33,491 - INFO -   ✓ 58: 파리바게뜨 제주삼화점 
2026-04-21 08:57:52,975 - INFO -   ✓ 59: 땅스부대찌개 제주삼화점 📷📝
2026-04-21 08:58:11,367 - INFO -   ✓ 60: 안평식당 
2026-04-21 08:58:29,046 - INFO -   ✓ 61: 동막골 삼화점 
2026-04-21 08:58:46,442 - INFO -   ✓ 62: 교촌치킨 삼양화북점 📷
2026-04-21 08:59:04,044 - INFO -   ✓ 63: 파리바게뜨 삼화2지구점 
2026-04-21 08:59:22,074 - INFO -   ✓ 64: 고죽면 제주삼화점 
2026-04-21 08:59:39,728 - INFO -   ✓ 65: 조셉마켓 📷
2026-04-21 08:59:57,205 - INFO -   ✓ 66: 들꽃세상정식 
2026-04-21 09:00:17,469 - INFO -   ✓ 67: 벌랑포구 
2026-04-21 09:00:34,946 - INFO -   ✓ 68: 역전할머니맥주 제주삼화점 
2026-04-21 09:00:52,151 - INFO -   ✓ 69: 제주형제분식 
2026-04-21 09:01:11,871 - INFO -   ✓ 70: 맛집올레 
2026-04-21 09:01:11,873 - INFO - 📁 파일 제주시 삼양동 맛집.csv에 데이터 추가 완료 (70건)
2026-04-21 09:01:12,503 - INFO - ☁️ GitHub 자동 푸시 완료: 2페이지 데이터 박제 성공!
2026-04-21 09:01:12,504 - INFO - 🧹 메모리 최적화: 2페이지 완료. 브라우저를 선제적으로 재시작합니다.
2026-04-21 09:01:20,828 - INFO - 🚀 ChromeDriver 초기화 중...
2026-04-21 09:02:22,338 - INFO - 🪧 '제주시 삼양동 맛집' 3페이지: 70개 항목 발견
2026-04-21 09:02:40,936 - INFO -   ✓ 1: 육계절 삼화점 📷
2026-04-21 09:02:58,118 - INFO -   ✓ 2: 해루 
2026-04-21 09:03:15,544 - INFO -   ✓ 3: 본죽&비빔밥 제주삼화점 📷
2026-04-21 09:03:33,590 - INFO -   ✓ 4: 이치진 📷
2026-04-21 09:03:51,264 - INFO -   ✓ 5: 남가네설악추어탕 도련점 
2026-04-21 09:04:08,536 - INFO -   ✓ 6: 원당봉해장국 📝
2026-04-21 09:04:25,880 - INFO -   ✓ 7: 삼산감자탕 📷
2026-04-21 09:04:44,649 - INFO -   ✓ 8: 더벤티 제주삼화점 📷
2026-04-21 09:05:02,541 - INFO -   ✓ 9: 쭈꾸미달인 제주삼화점 
2026-04-21 09:05:19,864 - INFO -   ✓ 10: 스마일 찰진 꽈배기 
2026-04-21 09:05:37,843 - INFO -   ✓ 11: 팔공티 제주삼양점 📷📝
2026-04-21 09:05:56,579 - INFO -   ✓ 12: 외도다해네 삼화점 📷
2026-04-21 09:06:14,807 - INFO -   ✓ 13: 소문난돈갈비 
2026-04-21 09:06:33,301 - INFO -   ✓ 14: 바르다김선생 제주삼화점 
2026-04-21 09:06:51,700 - INFO -   ✓ 15: 용팔이막창 삼화점 
2026-04-21 09:07:09,283 - INFO -   ✓ 16: 돈순이 
2026-04-21 09:07:27,113 - INFO -   ✓ 17: 영자네해장국본점 
2026-04-21 09:07:44,867 - INFO -   ✓ 18: 자담치킨 제주삼화지구점 📷📝
2026-04-21 09:08:04,323 - INFO -   ✓ 19: 바다생각 
2026-04-21 09:08:22,763 - INFO -   ✓ 20: 제주남문숯불치킨 제주삼화점 
2026-04-21 09:08:40,531 - INFO -   ✓ 21: 달콤한마카롱 📝
2026-04-21 09:08:58,626 - INFO -   ✓ 22: 삼화반점 
2026-04-21 09:09:15,039 - INFO -   ✓ 23: 삼양다맛 📝
2026-04-21 09:09:32,539 - INFO -   ✓ 24: 온스 
2026-04-21 09:09:51,405 - INFO -   ✓ 25: 동새벽김밥 📝
2026-04-21 09:10:09,004 - INFO -   ✓ 26: 이도시삼양 
2026-04-21 09:10:27,789 - INFO -   ✓ 27: 맛짱김밥 삼양점 📝
2026-04-21 09:10:46,677 - INFO -   ✓ 28: 노랑통닭 제주 삼화점 📷
2026-04-21 09:11:03,463 - INFO -   ✓ 29: 쥬씨 삼화점 📝
2026-04-21 09:11:20,427 - INFO -   ✓ 30: 카도돈카츠 도련점 📷
2026-04-21 09:11:38,139 - INFO -   ✓ 31: 은화수식당 제주삼화점 
2026-04-21 09:11:54,968 - INFO -   ✓ 32: 신촌불닭발 삼화점 
2026-04-21 09:12:13,922 - INFO -   ✓ 33: 광평도새기촌 본점 
2026-04-21 09:12:31,588 - INFO -   ✓ 34: 철가방 
2026-04-21 09:12:50,070 - INFO -   ✓ 35: 큰아들떡볶이 삼화점 
2026-04-21 09:13:07,207 - INFO -   ✓ 36: 청춘감성쌀핫도그 제주삼화점 
2026-04-21 09:13:25,349 - INFO -   ✓ 37: 부가네얼큰이 삼양점 
2026-04-21 09:13:42,058 - INFO -   ✓ 38: 오늘도 베이킹 하우스 📷
2026-04-21 09:13:59,445 - INFO -   ✓ 39: 원당해장국 📝
2026-04-21 09:14:18,770 - INFO -   ✓ 40: 우영밭을감싼돌담 
2026-04-21 09:14:36,104 - INFO -   ✓ 41: 연지정육식당 📝
2026-04-21 09:14:54,058 - INFO -   ✓ 42: 서흘길맥 
2026-04-21 09:15:11,615 - INFO -   ✓ 43: 한라생얼큰이 삼화점 
2026-04-21 09:15:30,001 - INFO -   ✓ 44: 얼얼이불막창 
2026-04-21 09:15:48,793 - INFO -   ✓ 45: 삼양양곱창 
2026-04-21 09:16:06,496 - INFO -   ✓ 46: 해운대밀면 
2026-04-21 09:16:24,341 - INFO -   ✓ 47: 빵의정석 
2026-04-21 09:16:40,968 - INFO -   ✓ 48: 처갓집양념치킨 제주삼양점 📷📝
2026-04-21 09:16:59,305 - INFO -   ✓ 49: 자가제빵선명희피자 제주삼양화북점 📝
2026-04-21 09:17:18,791 - INFO -   ✓ 50: 오풍미족발 제주삼화점 
2026-04-21 09:17:37,994 - INFO -   ✓ 51: 달리는커피 제주삼화점 
2026-04-21 09:17:55,652 - INFO -   ✓ 52: BBQ치킨 제주삼화점 
2026-04-21 09:18:13,983 - INFO -   ✓ 53: 원신식당 
2026-04-21 09:18:32,564 - INFO -   ✓ 54: 맛이아름다운빵집 📝
2026-04-21 09:18:50,208 - INFO -   ✓ 55: 번영로뷔페 
2026-04-21 09:19:07,252 - INFO -   ✓ 56: 송이축산정육식당 삼양점 
2026-04-21 09:19:25,631 - INFO -   ✓ 57: 임사부국밥 삼화점 
2026-04-21 09:19:43,839 - INFO -   ✓ 58: 고치글라 
2026-04-21 09:20:01,470 - INFO -   ✓ 59: 즐겨찾기 
2026-04-21 09:20:20,001 - INFO -   ✓ 60: 홍해물탕 📝
2026-04-21 09:20:37,440 - INFO -   ✓ 61: 냉동고삼화점 
2026-04-21 09:20:56,957 - INFO -   ✓ 62: 굽네치킨 도련봉개점 📝
2026-04-21 09:21:13,985 - INFO -   ✓ 63: 후년하우스 
2026-04-21 09:21:31,301 - INFO -   ✓ 64: 모들카페 📷
2026-04-21 09:21:49,633 - INFO -   ✓ 65: 샐러드얌 📷
2026-04-21 09:22:08,052 - INFO -   ✓ 66: 삼형제민재민형민준이네 📝
2026-04-21 09:22:26,487 - INFO -   ✓ 67: 김가네 제주삼화점 📷📝
2026-04-21 09:22:44,625 - INFO -   ✓ 68: 깐돌이분식 📝
2026-04-21 09:23:02,482 - INFO -   ✓ 69: 돈뜨락 
2026-04-21 09:23:20,081 - INFO -   ✓ 70: 김경옥닭발 
2026-04-21 09:23:20,083 - INFO - 📁 파일 제주시 삼양동 맛집.csv에 데이터 추가 완료 (70건)
2026-04-21 09:23:20,661 - INFO - ☁️ GitHub 자동 푸시 완료: 3페이지 데이터 박제 성공!
2026-04-21 09:23:20,661 - INFO - 🧹 메모리 최적화: 3페이지 완료. 브라우저를 선제적으로 재시작합니다.
2026-04-21 09:23:28,926 - INFO - 🚀 ChromeDriver 초기화 중...
2026-04-21 09:24:33,522 - INFO - 🪧 '제주시 삼양동 맛집' 4페이지: 70개 항목 발견
2026-04-21 09:24:53,023 - INFO -   ✓ 1: 찬미숯불갈비 
2026-04-21 09:25:10,020 - INFO -   ✓ 2: 삼화포크 
2026-04-21 09:25:27,221 - INFO -   ✓ 3: 오자매분식카페 
2026-04-21 09:25:43,959 - INFO -   ✓ 4: 바당앞카페 
2026-04-21 09:26:01,850 - INFO -   ✓ 5: 30년할매닭발 삼화점 📷📝
2026-04-21 09:26:19,472 - INFO -   ✓ 6: 맛있는소리 
2026-04-21 09:26:36,618 - INFO -   ✓ 7: 청년피자 제주삼화점 📷
2026-04-21 09:26:53,958 - INFO -   ✓ 8: 김복남맥주 삼화지구점 📷
2026-04-21 09:27:11,326 - INFO -   ✓ 9: 오름한줄 
2026-04-21 09:27:29,209 - INFO -   ✓ 10: 카페봄봄 제주삼양점 
2026-04-21 09:27:45,808 - INFO -   ✓ 11: 도련한우식육식당 📝
2026-04-21 09:28:03,335 - INFO -   ✓ 12: 냠냠분식 
2026-04-21 09:28:21,750 - INFO -   ✓ 13: 몬스터아구해물찜 제주삼양점 
2026-04-21 09:28:39,071 - INFO -   ✓ 14: 한치비곱창 
2026-04-21 09:28:56,532 - INFO -   ✓ 15: 노리몬딱 
2026-04-21 09:29:14,361 - INFO -   ✓ 16: 또래오래 화북삼양점 📷📝
2026-04-21 09:29:32,560 - INFO -   ✓ 17: 고랑몰라 
2026-04-21 09:29:49,510 - INFO -   ✓ 18: 정훈식당 📝
2026-04-21 09:30:06,990 - INFO -   ✓ 19: 7번가피자 제주삼화점 📷📝
2026-04-21 09:30:24,185 - INFO -   ✓ 20: 제주은갈치 택배전문 제주항구 📷📝
2026-04-21 09:30:41,414 - INFO -   ✓ 21: 매촌정식 
2026-04-21 09:30:59,368 - INFO -   ✓ 22: 아차산매운떡볶이 화북삼화점 📝
2026-04-21 09:31:16,946 - INFO -   ✓ 23: 투다리 제주삼양점 📷
2026-04-21 09:31:34,394 - INFO -   ✓ 24: 삼양수산 📝
2026-04-21 09:31:51,996 - INFO -   ✓ 25: 대굴대굴굴구이 삼화점 
2026-04-21 09:32:09,108 - INFO -   ✓ 26: 양군의케익한접시 📷
2026-04-21 09:32:26,683 - INFO -   ✓ 27: 제주오도록 📷📝
2026-04-21 09:32:45,060 - INFO -   ✓ 28: 삼화통닭 
2026-04-21 09:33:01,852 - INFO -   ✓ 29: 도란 
2026-04-21 09:33:20,143 - INFO -   ✓ 30: 싱싱프루츠 삼화점 📷
2026-04-21 09:33:37,861 - INFO -   ✓ 31: sunset lounge 📷
2026-04-21 09:33:55,979 - INFO -   ✓ 32: 페리카나 도련점 📷📝
2026-04-21 09:34:13,392 - INFO -   ✓ 33: 뉴욕버거 제주삼화점 📷📝
2026-04-21 09:34:32,099 - INFO -   ✓ 34: 불향쭈꾸미 
2026-04-21 09:34:49,852 - INFO -   ✓ 35: 돈삼겹 삼화3호점 📝
2026-04-21 09:35:09,552 - INFO -   ✓ 36: 이타시안 📝
2026-04-21 09:35:27,425 - INFO -   ✓ 37: 열날개 
2026-04-21 09:35:44,272 - INFO -   ✓ 38: 호야치킨앤닭강정 삼화점 
2026-04-21 09:36:01,730 - INFO -   ✓ 39: 더킹노래주점 
2026-04-21 09:36:19,092 - INFO -   ✓ 40: 육회본가 제주삼화점 
2026-04-21 09:36:36,251 - INFO -   ✓ 41: 백제삼계 
2026-04-21 09:36:54,083 - INFO -   ✓ 42: 33한닭 
2026-04-21 09:37:11,485 - INFO -   ✓ 43: 순정치킨 
2026-04-21 09:37:29,102 - INFO -   ✓ 44: 은빛고을 📝
2026-04-21 09:37:47,682 - INFO -   ✓ 45: 죽이야기 제주 삼화점 📝
2026-04-21 09:38:06,515 - INFO -   ✓ 46: 삼화주구 
2026-04-21 09:38:24,868 - INFO -   ✓ 47: 삼양다쏘니 📝
2026-04-21 09:38:42,960 - INFO -   ✓ 48: 흑진주 
2026-04-21 09:39:00,182 - INFO -   ✓ 49: 포차바다식당 
2026-04-21 09:39:18,264 - INFO -   ✓ 50: 비빔채 📝
2026-04-21 09:39:36,406 - INFO -   ✓ 51: 미듬 
2026-04-21 09:39:55,481 - INFO -   ✓ 52: 카페비아 
2026-04-21 09:40:12,433 - INFO -   ✓ 53: 사계절흑염소 제주삼화점 
2026-04-21 09:40:30,189 - INFO -   ✓ 54: 삼화배달통 
2026-04-21 09:40:48,688 - INFO -   ✓ 55: 달밤애 
2026-04-21 09:41:07,042 - INFO -   ✓ 56: 대원아구찜 
2026-04-21 09:41:24,407 - INFO -   ✓ 57: 순살몬스터 삼화마을 
2026-04-21 09:41:41,678 - INFO -   ✓ 58: 가마골 
2026-04-21 09:42:00,622 - INFO -   ✓ 59: 오늘와인한잔 제주삼화점 
2026-04-21 09:42:17,464 - INFO -   ✓ 60: 민물장어정육식당도련올레 
2026-04-21 09:42:35,186 - INFO -   ✓ 61: 오노프레시 📷
2026-04-21 09:42:54,137 - INFO -   ✓ 62: 궁중출장뷔페 
2026-04-21 09:43:11,789 - INFO -   ✓ 63: 제주돈대패삼겹살 📝
2026-04-21 09:43:31,450 - INFO -   ✓ 64: 멕시카나치킨 도련점 📝
2026-04-21 09:43:47,948 - INFO -   ✓ 65: 화평식당 📝
2026-04-21 09:44:06,575 - INFO -   ✓ 66: 1967포차 
2026-04-21 09:44:23,758 - INFO -   ✓ 67: 얼큰이식당 
2026-04-21 09:44:41,650 - INFO -   ✓ 68: 제주아꼼이네 오션라운지 
2026-04-21 09:44:58,530 - INFO -   ✓ 69: 몸생각 
2026-04-21 09:45:15,650 - INFO -   ✓ 70: 반올림피자샵 삼양점 
2026-04-21 09:45:15,652 - INFO - 📁 파일 제주시 삼양동 맛집.csv에 데이터 추가 완료 (70건)
2026-04-21 09:45:16,234 - INFO - ☁️ GitHub 자동 푸시 완료: 4페이지 데이터 박제 성공!
2026-04-21 09:45:16,234 - INFO - 🧹 메모리 최적화: 4페이지 완료. 브라우저를 선제적으로 재시작합니다.
2026-04-21 09:45:24,473 - INFO - 🚀 ChromeDriver 초기화 중...
2026-04-21 09:46:19,310 - INFO - 🪧 '제주시 삼양동 맛집' 5페이지: 20개 항목 발견
2026-04-21 09:46:38,464 - INFO -   ✓ 1: 오사부숯불꼬치구이 📝
2026-04-21 09:46:57,021 - INFO -   ✓ 2: 해동분식 
2026-04-21 09:47:13,059 - INFO -   ✓ 3: 황금족발 📝
2026-04-21 09:47:29,428 - INFO -   ✓ 4: 뚱아저씨화덕피자 📝
2026-04-21 09:47:45,521 - INFO -   ✓ 5: 메가혼밥 제주삼화점 📷
2026-04-21 09:48:02,024 - INFO -   ✓ 6: 국민낙곱새 제주삼화점 
2026-04-21 09:48:19,301 - INFO -   ✓ 7: 노블레스 📷
2026-04-21 09:48:37,391 - INFO -   ✓ 8: 팡 📝
2026-04-21 09:48:54,420 - INFO -   ✓ 9: 티바두마리치킨 삼양점 
2026-04-21 09:49:12,031 - INFO -   ✓ 10: 진미국수 
2026-04-21 09:49:28,753 - INFO -   ✓ 11: 마이요거트립 제주삼양점 
2026-04-21 09:49:45,300 - INFO -   ✓ 12: JBD종로빈대떡 📝
2026-04-21 09:50:00,574 - INFO -   ✓ 13: 동산식당 
2026-04-21 09:50:17,160 - INFO -   ✓ 14: 싱싱푸르츠 삼화점 📝
2026-04-21 09:50:33,663 - INFO -   ✓ 15: 40년전통의 종로빈대떡 삼화점 📝
2026-04-21 09:50:51,097 - INFO -   ✓ 16: 아르커피 📷📝
2026-04-21 09:51:08,263 - INFO -   ✓ 17: 와인솔트&웨이브스톤 📷
2026-04-21 09:51:24,181 - INFO -   ✓ 18: 은화수식당삼화점 📝
2026-04-21 09:51:41,582 - INFO -   ✓ 19: 얼큰이해장국 📝
2026-04-21 09:51:59,362 - INFO -   ✓ 20: 베리요거트 
2026-04-21 09:51:59,364 - INFO - 📁 파일 제주시 삼양동 맛집.csv에 데이터 추가 완료 (20건)
2026-04-21 09:51:59,970 - INFO - ☁️ GitHub 자동 푸시 완료: 5페이지 데이터 박제 성공!
2026-04-21 09:51:59,970 - INFO - ✅ 검색어 '제주시 삼양동 맛집' (최대 5페이지) 크롤링 완료
2026-04-21 09:52:55,827 - INFO - 🪧 '제주시 성산읍 맛집' 1페이지: 70개 항목 발견
2026-04-21 09:53:13,522 - INFO -   ✓ 1: 에곤카페 📷
2026-04-21 09:53:31,639 - INFO -   ✓ 2: 성산포흑돈애 성산본점 📷
2026-04-21 09:53:48,867 - INFO -   ✓ 3: 산지해장국 성산점 
2026-04-21 09:54:06,583 - INFO -   ✓ 4: 팔미돈가흑돼지 성산점 📷📝
2026-04-21 09:54:24,300 - INFO -   ✓ 5: 열정돈 성산일출봉점 📷
2026-04-21 09:54:42,399 - INFO -   ✓ 6: 우미관 
2026-04-21 09:55:00,468 - INFO -   ✓ 7: 수마 📷
2026-04-21 09:55:19,043 - INFO -   ✓ 8: 누구나홀딱반한닭 제주성산점 📷📝
2026-04-21 09:55:37,294 - INFO -   ✓ 9: 자담치킨 제주성산점 📷📝
2026-04-21 09:55:55,945 - INFO -   ✓ 10: 세영수산 
2026-04-21 09:56:13,963 - INFO -   ✓ 11: 흑돈쭐 제주성산일출봉점 
2026-04-21 09:56:32,690 - INFO -   ✓ 12: 아뽀밍고 📷
2026-04-21 09:56:51,680 - INFO -   ✓ 13: 오늘 당근 
2026-04-21 09:57:09,393 - INFO -   ✓ 14: 리치비카페 📝
2026-04-21 09:57:27,687 - INFO -   ✓ 15: 마농짜장 
2026-04-21 09:57:45,821 - INFO -   ✓ 16: 오른 📷
2026-04-21 09:58:04,080 - INFO -   ✓ 17: 서귀피안 베이커리 📷📝
2026-04-21 09:58:22,747 - INFO -   ✓ 18: 모자심 
2026-04-21 09:58:41,256 - INFO -   ✓ 19: 금돗 성산흑돼지 📷
2026-04-21 09:59:00,074 - INFO -   ✓ 20: 부촌 
2026-04-21 09:59:17,418 - INFO -   ✓ 21: 해일리 카페 📷
2026-04-21 09:59:35,163 - INFO -   ✓ 22: 프릳츠 제주성산점 📷
2026-04-21 09:59:53,649 - INFO -   ✓ 23: 성산과자점 📷
2026-04-21 10:00:11,116 - INFO -   ✓ 24: 성산바다풍경 제주성산일출봉점 📷📝
2026-04-21 10:00:29,176 - INFO -   ✓ 25: 제주뚝배기 
2026-04-21 10:00:46,203 - INFO -   ✓ 26: 스타벅스 성산일출봉점 📷
2026-04-21 10:01:03,940 - INFO -   ✓ 27: 꽃담수제버거 성산 📷
2026-04-21 10:01:21,729 - INFO -   ✓ 28: 삼무국수 2호점 
2026-04-21 10:01:40,265 - INFO -   ✓ 29: 성산 타쿠마스시 📷
2026-04-21 10:01:58,981 - INFO -   ✓ 30: WORLD CLASS FISH&CHIPS 📷
2026-04-21 10:02:16,082 - INFO -   ✓ 31: 스타벅스 제주성산DT점 📷
2026-04-21 10:02:33,222 - INFO -   ✓ 32: 오조해녀의집 
2026-04-21 10:02:51,166 - INFO -   ✓ 33: 제일성심당 📷
